#
# A fatal error has been detected by the Java Runtime Environment:
#
#  SIGSEGV (0xb) at pc=0xb6c6acca, pid=6347, tid=2395810672
#
# JRE version: 6.0_26-b03
# Java VM: Java HotSpot(TM) Server VM (20.1-b02 mixed mode linux-x86 )
# Problematic frame:
# V  [libjvm.so+0x2f0cca]  constantPoolOopDesc::klass_at_impl(constantPoolHandle, int, Thread*)+0x1a
#
# If you would like to submit a bug report, please visit:
#   http://java.sun.com/webapps/bugreport/crash.jsp
#

---------------  T H R E A D  ---------------

Current thread (0x8f1c5800):  JavaThread "AWT-EventQueue-0" [_thread_in_vm, id=6373, stack(0x8ec82000,0x8ecd3000)]

siginfo:si_signo=SIGSEGV: si_errno=0, si_code=1 (SEGV_MAPERR), si_addr=0x00000004

Registers:
EAX=0x9083fdd0, EBX=0x00000000, ECX=0x0000ca1a, EDX=0x086dfdcc
ESP=0x8ecd0ca4, EBP=0x8ecd0e58, ESI=0x0000ca1a, EDI=0x086dfdcc
EIP=0xb6c6acca, EFLAGS=0x00010292, CR2=0x00000004

Top of Stack: (sp=0x8ecd0ca4)
0x8ecd0ca4:   b717bdc8 8ecd0d58 086f31f8 8ecd0cd0
0x8ecd0cb4:   b6d1a571 08a3dd10 8f1c5800 0858c918
0x8ecd0cc4:   b717bdc8 8ecd0d40 8f1c5800 8ecd0dd0
0x8ecd0cd4:   b6e69788 8ecd0d98 00000006 8f1c45c8
0x8ecd0ce4:   8f1c45c8 0876e330 00000001 8ecd0d5c
0x8ecd0cf4:   8ecd0d80 086dfdcc 08588410 0000002c
0x8ecd0d04:   8ecd0d2c 086dfdd0 8ecd0d58 08588410
0x8ecd0d14:   086dfdd4 8ecd0d98 086dfde0 086dfddc 

Instructions: (pc=0xb6c6acca)
0xb6c6acaa:   5a 5b 5e 5f 5d c3 55 89 e5 57 56 53 81 ec a8 01
0xb6c6acba:   00 00 8b 7d 08 8b 75 0c 8b 07 83 c0 28 8b 1c b0
0xb6c6acca:   8b 43 04 8d 48 08 8b 40 08 51 ff 90 88 00 00 00
0xb6c6acda:   83 c4 10 89 da 84 c0 74 0d 8d 65 f4 89 d0 5b 5e 

Register to memory mapping:

EAX=0x9083fdd0 is an oop
{constant pool} 
 - klass: {other class}
 - cache: 0x908404c8
 -   1 :  : klass_index=93 name_and_type_index=181
 -   2 :  : 'java/util/ArrayList'
 -   3 :  : klass_index=2 name_and_type_index=181
 -   4 :  : klass_index=90 name_and_type_index=183
 -   5 :  : 'iliaxmacroprocessor/MacrosArgumentsParser'
 -   6 :  : klass_index=5 name_and_type_index=181
 -   7 :  : klass_index=90 name_and_type_index=185
 -   8 :  : klass_index=84 name_and_type_index=186
 -   9 :  : klass_index=90 name_and_type_index=187
 -  10 :  : 'java/util/LinkedList'
 -  11 :  : klass_index=10 name_and_type_index=181
 -  12 :  : klass_index=90 name_and_type_index=189
 -  13 :  : klass_index=90 name_and_type_index=190
 -  14 :  : klass_index=90 name_and_type_index=191
 -  15 :  : klass_index=90 name_and_type_index=192
 -  16 :  : "1st scan begun" {0x9081fa38}
 -  17 :  : klass_index=194 name_and_type_index=195
 -  18 :  : klass_index=196 name_and_type_index=197
 -  19 :  : klass_index=196 name_and_type_index=198
 -  20 :  : 'java/lang/String'
 -  21 :  : klass_index=200 name_and_type_index=201
 -  22 :  : klass_index=90 name_and_type_index=202
 -  23 :  : "1st scan finished" {0x9083cb30}
 -  24 :  : "" {0x8fcb20f8}
 -  25 :  : klass_index=84 name_and_type_index=205
 -  26 :  : 'java/lang/StringBuilder' {0x8fc5eb50}
 -  27 :  : klass_index=26 name_and_type_index=181
 -  28 :  : klass_index=84 name_and_type_index=207
 -  29 :  : klass_index=26 name_and_type_index=208
 -  30 :  : "." {0x8fcd89f0}
 -  31 :  : klass_index=26 name_and_type_index=210
 -  32 :  : klass_index=90 name_and_type_index=211
 -  33 :  : 'java/lang/RuntimeException'
 -  34 :  : "invalid macros name! str " {0x908408f0}
 -  35 :  : klass_index=26 name_and_type_index=214
 -  36 :  : klass_index=33 name_and_type_index=215
 -  37 :  : klass_index=84 name_and_type_index=216
 -  38 :  : "start of " {0x9083bab8}
 -  39 :  : " macros definition" {0x9083baf0}
 -  40 :  : klass_index=5 name_and_type_index=219
 -  41 :  : klass_index=200 name_and_type_index=220
 -  42 :  : "adding new string: " {0x9083bb90}
 -  43 :  : klass_index=200 name_and_type_index=222
 -  44 :  : klass_index=223 name_and_type_index=224
 -  45 :  : klass_index=84 name_and_type_index=225
 -  46 :  : klass_index=84 name_and_type_index=226
 -  47 :  : klass_index=196 name_and_type_index=227
 -  48 :  : "starting nested macros definition" {0x9083bc48}
 -  49 :  : "new macros added:
" {0x9083bcb0}
 -  50 :  : klass_index=84 name_and_type_index=210
 -  51 :  : klass_index=84 name_and_type_index=230
 -  52 :  : klass_index=84 name_and_type_index=231
 -  53 :  : "2nd scan started" {0x9083d198}
 -  54 :  : "processing string: " {0x9083d1e0}
 -  55 :  : klass_index=90 name_and_type_index=234
 -  56 :  : klass_index=90 name_and_type_index=235
 -  57 :  : klass_index=90 name_and_type_index=236
 -  58 :  : klass_index=200 name_and_type_index=237
 -  59 :  : klass_index=238 name_and_type_index=239
 -  60 :  : klass_index=240 name_and_type_index=241
 -  61 :  : "2nd scan finished" {0x90840948}
 -  62 :  : klass_index=200 name_and_type_index=243
 -  63 :  : klass_index=90 name_and_type_index=244
 -  64 :  : "[" {0x9047ae70}
 -  65 :  : klass_index=20 name_and_type_index=246
 -  66 :  : "process macro injection: " {0x9083d500}
 -  67 :  : klass_index=10 name_and_type_index=227
 -  68 :  : klass_index=5 name_and_type_index=248
 -  69 :  : "err" {0x90840990}
 -  70 :  : klass_index=194 name_and_type_index=250
 -  71 :  : klass_index=196 name_and_type_index=251
 -  72 :  : klass_index=252 name_and_type_index=253
 -  73 :  : klass_index=252 name_and_type_index=254
 -  74 :  : klass_index=84 name_and_type_index=255
 -  75 :  : klass_index=256 name_and_type_index=257
 -  76 :  : " " {0x8fe31ca0}
 -  77 :  : klass_index=259 name_and_type_index=260
 -  78 :  : klass_index=259 name_and_type_index=261
 -  79 :  : klass_index=10 name_and_type_index=262
 -  80 :  : " // <-- warning!" {0x908409c0}
 -  81 :  : "parent macros call" {0x90840a08}
 -  82 :  : klass_index=194 name_and_type_index=265
 -  83 :  : klass_index=10 name_and_type_index=266
 -  84 :  : 'iliaxmacroprocessor/Macros' {0x9081dcb0}
 -  85 :  : klass_index=200 name_and_type_index=268
 -  86 :  : klass_index=20 name_and_type_index=269
 -  87 :  : klass_index=20 name_and_type_index=205
 -  88 :  : klass_index=84 name_and_type_index=270
 -  89 :  : klass_index=194 name_and_type_index=271
 -  90 :  : 'iliaxmacroprocessor/MacroProcessor' {0x9081b168}
 -  91 :  : klass_index=273 name_and_type_index=207
 -  92 :  : klass_index=194 name_and_type_index=274
 -  93 :  : 'java/lang/Object'
 -  94 :  : 'LOG'
 -  95 :  : 'Lorg/apache/log4j/Logger;'
 -  96 :  : '_strings'
 -  97 :  : 'Ljava/util/List;'
 -  98 :  : 'Signature'
 -  99 :  : 'Ljava/util/List<Ljava/lang/String;>;'
 - 100 :  : '_guiConfig'
 - 101 :  : 'Liliaxmacroprocessor/GuiConfig;'
 - 102 :  : '_macroses'
 - 103 :  : 'Ljava/util/List<Liliaxmacroprocessor/Macros;>;'
 - 104 :  : '_macrosArgumentsParser'
 - 105 :  : 'Liliaxmacroprocessor/MacrosArgumentsParser;'
 - 106 :  : 'currentMacros'
 - 107 :  : 'Liliaxmacroprocessor/Macros;'
 - 108 :  : 'currentMacrosesStack'
 - 109 :  : 'Ljava/util/LinkedList;'
 - 110 :  : 'Ljava/util/LinkedList<Liliaxmacroprocessor/Macros;>;'
 - 111 :  : '<init>'
 - 112 :  : '(Liliaxmacroprocessor/GuiConfig;Ljava/util/List;)V'
 - 113 :  : 'Code'
 - 114 :  : 'LineNumberTable'
 - 115 :  : 'LocalVariableTable'
 - 116 :  : 'this'
 - 117 :  : 'Liliaxmacroprocessor/MacroProcessor;'
 - 118 :  : 'guiConfig'
 - 119 :  : 'strings'
 - 120 :  : 'LocalVariableTypeTable'
 - 121 :  : '(Liliaxmacroprocessor/GuiConfig;Ljava/util/List<Ljava/lang/String;>;)V'
 - 122 :  : 'start1stScan'
 - 123 :  : '()V'
 - 124 :  : 'check'
 - 125 :  : 'I'
 - 126 :  : 'i'
 - 127 :  : 'stringsSize'
 - 128 :  : 'StackMapTable'
 - 129 :  : 'processMacroGeneration'
 - 130 :  : '(II)I'
 - 131 :  : 'lbl'
 - 132 :  : 'Ljava/lang/String;'
 - 133 :  : 'macroString'
 - 134 :  : 'checkHeader'
 - 135 :  : 'stringNum'
 - 136 :  : 'macroWordNum'
 - 137 :  : 'contextPrefix'
 - 138 :  : 'newMacros'
 - 139 :  : 'java/lang/String'
 - 140 :  : 'iliaxmacroprocessor/Macros'
 - 141 :  : 'start2ndScan'
 - 142 :  : 's'
 - 143 :  : 'm'
 - 144 :  : 'text'
 - 145 :  : 'Ljava/lang/StringBuilder;'
 - 146 :  : 'java/lang/StringBuilder'
 - 147 :  : 'passMacroDefinition'
 - 148 :  : '(I)I'
 - 149 :  : 'begin'
 - 150 :  : 'checkMacroCall'
 - 151 :  : '(Ljava/lang/String;)Liliaxmacroprocessor/Macros;'
 - 152 :  : 'str'
 - 153 :  : 'lexems'
 - 154 :  : 'java/util/List'
 - 155 :  : 'processMacrosInjection'
 - 156 :  : '(Ljava/lang/StringBuilder;Liliaxmacroprocessor/Macros;Ljava/lang/String;)V'
 - 157 :  : 'e'
 - 158 :  : 'Ljava/lang/RuntimeException;'
 - 159 :  : 'varVal'
 - 160 :  : 'lex'
 - 161 :  : 'i$'
 - 162 :  : 'Ljava/util/Iterator;'
 - 163 :  : 'toAppend'
 - 164 :  : 'macros'
 - 165 :  : 'begining'
 - 166 :  : 'java/lang/RuntimeException'
 - 167 :  : 'java/util/Iterator'
 - 168 :  : 'iliaxmacroprocessor/MacroProcessor'
 - 169 :  : 'getMacrosByName'
 - 170 :  : '_name'
 - 171 :  : 'name'
 - 172 :  : 'parseMacrosHeader'
 - 173 :  : '(Ljava/lang/String;I)Liliaxmacroprocessor/Macros;'
 - 174 :  : 'header'
 - 175 :  : 'logError'
 - 176 :  : '(Ljava/lang/String;)V'
 - 177 :  : 'mess'
 - 178 :  : '<clinit>'
 - 179 :  : 'SourceFile'
 - 180 :  : 'MacroProcessor.java'
 - 181 :  : name_index=111 signature_index=123
 - 182 :  : 'java/util/ArrayList'
 - 183 :  : name_index=102 signature_index=97
 - 184 :  : 'iliaxmacroprocessor/MacrosArgumentsParser'
 - 185 :  : name_index=104 signature_index=105
 - 186 :  : name_index=278 signature_index=107
 - 187 :  : name_index=106 signature_index=107
 - 188 :  : 'java/util/LinkedList'
 - 189 :  : name_index=108 signature_index=109
 - 190 :  : name_index=96 signature_index=97
 - 191 :  : name_index=100 signature_index=101
 - 192 :  : name_index=94 signature_index=95
 - 193 :  : '1st scan begun'
 - 194 :  : 'org/apache/log4j/Logger'
 - 195 :  : name_index=280 signature_index=281
 - 196 :  : 'java/util/List' {0x8fca2c40}
 - 197 :  : name_index=282 signature_index=283
 - 198 :  : name_index=284 signature_index=285
 - 199 :  : 'java/lang/String'
 - 200 :  : 'iliaxmacroprocessor/ParsingUtils' {0x908206a8}
 - 201 :  : name_index=287 signature_index=288
 - 202 :  : name_index=129 signature_index=130
 - 203 :  : '1st scan finished'
 - 204 :  : ''
 - 205 :  : name_index=289 signature_index=290
 - 206 :  : 'java/lang/StringBuilder'
 - 207 :  : name_index=291 signature_index=292
 - 208 :  : name_index=293 signature_index=294
 - 209 :  : '.'
 - 210 :  : name_index=295 signature_index=292
 - 211 :  : name_index=172 signature_index=173
 - 212 :  : 'java/lang/RuntimeException'
 - 213 :  : 'invalid macros name! str '
 - 214 :  : name_index=293 signature_index=296
 - 215 :  : name_index=111 signature_index=176
 - 216 :  : name_index=297 signature_index=176
 - 217 :  : 'start of '
 - 218 :  : ' macros definition'
 - 219 :  : name_index=298 signature_index=299
 - 220 :  : name_index=300 signature_index=301
 - 221 :  : 'adding new string: '
 - 222 :  : name_index=302 signature_index=303
 - 223 :  : 'java/lang/Integer'
 - 224 :  : name_index=305 signature_index=306
 - 225 :  : name_index=307 signature_index=308
 - 226 :  : name_index=309 signature_index=310
 - 227 :  : name_index=311 signature_index=290
 - 228 :  : 'starting nested macros definition'
 - 229 :  : 'new macros added:
'
 - 230 :  : name_index=312 signature_index=313
 - 231 :  : name_index=314 signature_index=310
 - 232 :  : '2nd scan started'
 - 233 :  : 'processing string: '
 - 234 :  : name_index=147 signature_index=148
 - 235 :  : name_index=150 signature_index=151
 - 236 :  : name_index=155 signature_index=156
 - 237 :  : name_index=315 signature_index=132
 - 238 :  : 'iliaxmacroprocessor/GuiConfig'
 - 239 :  : name_index=317 signature_index=318
 - 240 :  : 'javax/swing/JTextPane'
 - 241 :  : name_index=320 signature_index=176
 - 242 :  : '2nd scan finished'
 - 243 :  : name_index=321 signature_index=322
 - 244 :  : name_index=169 signature_index=151
 - 245 :  : '['
 - 246 :  : name_index=323 signature_index=301
 - 247 :  : 'process macro injection: '
 - 248 :  : name_index=324 signature_index=299
 - 249 :  : 'err'
 - 250 :  : name_index=325 signature_index=326
 - 251 :  : name_index=327 signature_index=328
 - 252 :  : 'java/util/Iterator' {0x8fcb0cc8}
 - 253 :  : name_index=329 signature_index=330
 - 254 :  : name_index=331 signature_index=332
 - 255 :  : name_index=333 signature_index=336
 - 256 :  : 'iliaxmacroprocessor/Macros$VariablesStore'
 - 257 :  : name_index=338 signature_index=303
 - 258 :  : ' '
 - 259 :  : 'com/google/common/base/Joiner'
 - 260 :  : name_index=340 signature_index=341
 - 261 :  : name_index=342 signature_index=343
 - 262 :  : name_index=344 signature_index=290
 - 263 :  : ' // <-- warning!'
 - 264 :  : 'parent macros call'
 - 265 :  : name_index=345 signature_index=281
 - 266 :  : name_index=346 signature_index=332
 - 267 :  : 'iliaxmacroprocessor/Macros'
 - 268 :  : name_index=347 signature_index=301
 - 269 :  : name_index=348 signature_index=301
 - 270 :  : name_index=111 signature_index=299
 - 271 :  : name_index=349 signature_index=281
 - 272 :  : 'iliaxmacroprocessor/MacroProcessor'
 - 273 :  : 'java/lang/Class'
 - 274 :  : name_index=351 signature_index=352
 - 275 :  : 'java/lang/Object'
 - 276 :  : 'java/util/List'
 - 277 :  : 'java/util/Iterator'
 - 278 :  : 'ROOT_MACROS'
 - 279 :  : 'org/apache/log4j/Logger'
 - 280 :  : 'info'
 - 281 :  : '(Ljava/lang/Object;)V'
 - 282 :  : 'size'
 - 283 :  : '()I'
 - 284 :  : 'get'
 - 285 :  : '(I)Ljava/lang/Object;'
 - 286 :  : 'iliaxmacroprocessor/ParsingUtils'
 - 287 :  : 'checkMacroGenHeader'
 - 288 :  : '(Ljava/lang/String;)I'
 - 289 :  : 'equals'
 - 290 :  : '(Ljava/lang/Object;)Z'
 - 291 :  : 'getName'
 - 292 :  : '()Ljava/lang/String;'
 - 293 :  : 'append'
 - 294 :  : '(Ljava/lang/String;)Ljava/lang/StringBuilder;'
 - 295 :  : 'toString'
 - 296 :  : '(I)Ljava/lang/StringBuilder;'
 - 297 :  : 'setName'
 - 298 :  : 'parseVariablesArea'
 - 299 :  : '(Ljava/lang/String;Liliaxmacroprocessor/Macros;)V'
 - 300 :  : 'checkMacroGenEnding'
 - 301 :  : '(Ljava/lang/String;)Z'
 - 302 :  : 'getLabelFromString'
 - 303 :  : '(Ljava/lang/String;)Ljava/lang/String;'
 - 304 :  : 'java/lang/Integer'
 - 305 :  : 'valueOf'
 - 306 :  : '(I)Ljava/lang/Integer;'
 - 307 :  : 'addLabel'
 - 308 :  : '(Ljava/lang/String;Ljava/lang/Integer;)Z'
 - 309 :  : 'getStrings'
 - 310 :  : '()Ljava/util/List;'
 - 311 :  : 'add'
 - 312 :  : 'getParentMacros'
 - 313 :  : '()Liliaxmacroprocessor/Macros;'
 - 314 :  : 'getNestedMacroses'
 - 315 :  : 'LS'
 - 316 :  : 'iliaxmacroprocessor/GuiConfig'
 - 317 :  : 'outTextField'
 - 318 :  : 'Ljavax/swing/JTextPane;'
 - 319 :  : 'javax/swing/JTextPane'
 - 320 :  : 'setText'
 - 321 :  : 'getLexems'
 - 322 :  : '(Ljava/lang/String;)Ljava/util/List;'
 - 323 :  : 'startsWith'
 - 324 :  : 'setMacrosVars'
 - 325 :  : 'error'
 - 326 :  : '(Ljava/lang/Object;Ljava/lang/Throwable;)V'
 - 327 :  : 'iterator'
 - 328 :  : '()Ljava/util/Iterator;'
 - 329 :  : 'hasNext'
 - 330 :  : '()Z'
 - 331 :  : 'next'
 - 332 :  : '()Ljava/lang/Object;'
 - 333 :  : 'getVariables'
 - 334 :  : 'VariablesStore'
 - 335 :  : 'InnerClasses'
 - 336 :  : '()Liliaxmacroprocessor/Macros$VariablesStore;'
 - 337 :  : 'iliaxmacroprocessor/Macros$VariablesStore'
 - 338 :  : 'getVariableVAlFromGlobalContext'
 - 339 :  : 'com/google/common/base/Joiner'
 - 340 :  : 'on'
 - 341 :  : '(Ljava/lang/String;)Lcom/google/common/base/Joiner;'
 - 342 :  : 'join'
 - 343 :  : '(Ljava/lang/Iterable;)Ljava/lang/String;'
 - 344 :  : 'contains'
 - 345 :  : 'warn'
 - 346 :  : 'pollLast'
 - 347 :  : 'isValidMacrosName'
 - 348 :  : 'endsWith'
 - 349 :  : 'debug'
 - 350 :  : 'java/lang/Class'
 - 351 :  : 'getLogger'
 - 352 :  : '(Ljava/lang/String;)Lorg/apache/log4j/Logger;'

EBX=0x00000000 is an unknown value
ECX=0x0000ca1a is an unknown value
EDX=0x086dfdcc is an unknown value
ESP=0x8ecd0ca4 is pointing into the stack for thread: 0x8f1c5800
EBP=0x8ecd0e58 is pointing into the stack for thread: 0x8f1c5800
ESI=0x0000ca1a is an unknown value
EDI=0x086dfdcc is an unknown value


Stack: [0x8ec82000,0x8ecd3000],  sp=0x8ecd0ca4,  free space=315k
Native frames: (J=compiled Java code, j=interpreted, Vv=VM code, C=native code)
V  [libjvm.so+0x2f0cca]  constantPoolOopDesc::klass_at_impl(constantPoolHandle, int, Thread*)+0x1a
V  [libjvm.so+0x3d4d62]  InterpreterRuntime::_new(JavaThread*, constantPoolOopDesc*, int)+0x52
j  iliaxmacroprocessor.MacroProcessor.getMacrosByName(Ljava/lang/String;)Liliaxmacroprocessor/Macros;+80
j  iliaxmacroprocessor.MacroProcessor.checkMacroCall(Ljava/lang/String;)Liliaxmacroprocessor/Macros;+61
j  iliaxmacroprocessor.MacroProcessor.processMacrosInjection(Ljava/lang/StringBuilder;Liliaxmacroprocessor/Macros;Ljava/lang/String;)V+209
j  iliaxmacroprocessor.MacroProcessor.start2ndScan()V+104
j  iliaxmacroprocessor.MainForm.jButton1ActionPerformed(Ljava/awt/event/ActionEvent;)V+18
j  iliaxmacroprocessor.MainForm.access$200(Liliaxmacroprocessor/MainForm;Ljava/awt/event/ActionEvent;)V+2
j  iliaxmacroprocessor.MainForm$3.actionPerformed(Ljava/awt/event/ActionEvent;)V+5
j  javax.swing.AbstractButton.fireActionPerformed(Ljava/awt/event/ActionEvent;)V+84
j  javax.swing.AbstractButton$Handler.actionPerformed(Ljava/awt/event/ActionEvent;)V+5
j  javax.swing.DefaultButtonModel.fireActionPerformed(Ljava/awt/event/ActionEvent;)V+35
j  javax.swing.DefaultButtonModel.setPressed(Z)V+117
j  javax.swing.plaf.basic.BasicButtonListener.mouseReleased(Ljava/awt/event/MouseEvent;)V+35
j  java.awt.Component.processMouseEvent(Ljava/awt/event/MouseEvent;)V+64
j  javax.swing.JComponent.processMouseEvent(Ljava/awt/event/MouseEvent;)V+23
j  java.awt.Component.processEvent(Ljava/awt/AWTEvent;)V+81
j  java.awt.Container.processEvent(Ljava/awt/AWTEvent;)V+18
j  java.awt.Component.dispatchEventImpl(Ljava/awt/AWTEvent;)V+566
j  java.awt.Container.dispatchEventImpl(Ljava/awt/AWTEvent;)V+42
j  java.awt.Component.dispatchEvent(Ljava/awt/AWTEvent;)V+2
j  java.awt.LightweightDispatcher.retargetMouseEvent(Ljava/awt/Component;ILjava/awt/event/MouseEvent;)V+320
j  java.awt.LightweightDispatcher.processMouseEvent(Ljava/awt/event/MouseEvent;)Z+139
j  java.awt.LightweightDispatcher.dispatchEvent(Ljava/awt/AWTEvent;)Z+50
j  java.awt.Container.dispatchEventImpl(Ljava/awt/AWTEvent;)V+12
j  java.awt.Window.dispatchEventImpl(Ljava/awt/AWTEvent;)V+19
j  java.awt.Component.dispatchEvent(Ljava/awt/AWTEvent;)V+2
j  java.awt.EventQueue.dispatchEventImpl(Ljava/awt/AWTEvent;Ljava/lang/Object;)V+41
j  java.awt.EventQueue.access$000(Ljava/awt/EventQueue;Ljava/awt/AWTEvent;Ljava/lang/Object;)V+3
j  java.awt.EventQueue$1.run()Ljava/lang/Void;+12
j  java.awt.EventQueue$1.run()Ljava/lang/Object;+1
v  ~StubRoutines::call_stub
V  [libjvm.so+0x3dff01]  JavaCalls::call_helper(JavaValue*, methodHandle*, JavaCallArguments*, Thread*)+0x1c1
V  [libjvm.so+0x5e1298]  os::os_exception_wrapper(void (*)(JavaValue*, methodHandle*, JavaCallArguments*, Thread*), JavaValue*, methodHandle*, JavaCallArguments*, Thread*)+0x18
V  [libjvm.so+0x3dfd2f]  JavaCalls::call(JavaValue*, methodHandle, JavaCallArguments*, Thread*)+0x2f
V  [libjvm.so+0x445b9e]  JVM_DoPrivileged+0x40e
C  [libjava.so+0xa96c]  Java_java_security_AccessController_doPrivileged__Ljava_security_PrivilegedAction_2Ljava_security_AccessControlContext_2+0x3c
j  java.security.AccessController.doPrivileged(Ljava/security/PrivilegedAction;Ljava/security/AccessControlContext;)Ljava/lang/Object;+0
j  java.security.AccessControlContext$1.doIntersectionPrivilege(Ljava/security/PrivilegedAction;Ljava/security/AccessControlContext;Ljava/security/AccessControlContext;)Ljava/lang/Object;+28
j  java.security.AccessControlContext$1.doIntersectionPrivilege(Ljava/security/PrivilegedAction;Ljava/security/AccessControlContext;)Ljava/lang/Object;+6
j  java.awt.EventQueue$2.run()Ljava/lang/Void;+11
j  java.awt.EventQueue$2.run()Ljava/lang/Object;+1
v  ~StubRoutines::call_stub
V  [libjvm.so+0x3dff01]  JavaCalls::call_helper(JavaValue*, methodHandle*, JavaCallArguments*, Thread*)+0x1c1
V  [libjvm.so+0x5e1298]  os::os_exception_wrapper(void (*)(JavaValue*, methodHandle*, JavaCallArguments*, Thread*), JavaValue*, methodHandle*, JavaCallArguments*, Thread*)+0x18
V  [libjvm.so+0x3dfd2f]  JavaCalls::call(JavaValue*, methodHandle, JavaCallArguments*, Thread*)+0x2f
V  [libjvm.so+0x445b9e]  JVM_DoPrivileged+0x40e
C  [libjava.so+0xa96c]  Java_java_security_AccessController_doPrivileged__Ljava_security_PrivilegedAction_2Ljava_security_AccessControlContext_2+0x3c
j  java.security.AccessController.doPrivileged(Ljava/security/PrivilegedAction;Ljava/security/AccessControlContext;)Ljava/lang/Object;+0
j  java.security.AccessControlContext$1.doIntersectionPrivilege(Ljava/security/PrivilegedAction;Ljava/security/AccessControlContext;Ljava/security/AccessControlContext;)Ljava/lang/Object;+28
j  java.awt.EventQueue.dispatchEvent(Ljava/awt/AWTEvent;)V+73
j  java.awt.EventDispatchThread.pumpOneEventForFilters(I)Z+204
j  java.awt.EventDispatchThread.pumpEventsForFilter(ILjava/awt/Conditional;Ljava/awt/EventFilter;)V+30
j  java.awt.EventDispatchThread.pumpEventsForHierarchy(ILjava/awt/Conditional;Ljava/awt/Component;)V+11
j  java.awt.EventDispatchThread.pumpEvents(ILjava/awt/Conditional;)V+4
j  java.awt.EventDispatchThread.pumpEvents(Ljava/awt/Conditional;)V+3
j  java.awt.EventDispatchThread.run()V+9
v  ~StubRoutines::call_stub
V  [libjvm.so+0x3dff01]  JavaCalls::call_helper(JavaValue*, methodHandle*, JavaCallArguments*, Thread*)+0x1c1
V  [libjvm.so+0x5e1298]  os::os_exception_wrapper(void (*)(JavaValue*, methodHandle*, JavaCallArguments*, Thread*), JavaValue*, methodHandle*, JavaCallArguments*, Thread*)+0x18
V  [libjvm.so+0x3df775]  JavaCalls::call_virtual(JavaValue*, KlassHandle, symbolHandle, symbolHandle, JavaCallArguments*, Thread*)+0xc5
V  [libjvm.so+0x3df838]  JavaCalls::call_virtual(JavaValue*, Handle, KlassHandle, symbolHandle, symbolHandle, Thread*)+0x58
V  [libjvm.so+0x4642d7]  thread_entry(JavaThread*, Thread*)+0xa7
V  [libjvm.so+0x6e16bf]  JavaThread::run()+0x11f
V  [libjvm.so+0x5e2aee]  java_start(Thread*)+0x14e
C  [libpthread.so.0+0x6d31]  short+0xd1

Java frames: (J=compiled Java code, j=interpreted, Vv=VM code)
j  iliaxmacroprocessor.MacroProcessor.getMacrosByName(Ljava/lang/String;)Liliaxmacroprocessor/Macros;+80
j  iliaxmacroprocessor.MacroProcessor.checkMacroCall(Ljava/lang/String;)Liliaxmacroprocessor/Macros;+61
j  iliaxmacroprocessor.MacroProcessor.processMacrosInjection(Ljava/lang/StringBuilder;Liliaxmacroprocessor/Macros;Ljava/lang/String;)V+209
j  iliaxmacroprocessor.MacroProcessor.start2ndScan()V+104
j  iliaxmacroprocessor.MainForm.jButton1ActionPerformed(Ljava/awt/event/ActionEvent;)V+18
j  iliaxmacroprocessor.MainForm.access$200(Liliaxmacroprocessor/MainForm;Ljava/awt/event/ActionEvent;)V+2
j  iliaxmacroprocessor.MainForm$3.actionPerformed(Ljava/awt/event/ActionEvent;)V+5
j  javax.swing.AbstractButton.fireActionPerformed(Ljava/awt/event/ActionEvent;)V+84
j  javax.swing.AbstractButton$Handler.actionPerformed(Ljava/awt/event/ActionEvent;)V+5
j  javax.swing.DefaultButtonModel.fireActionPerformed(Ljava/awt/event/ActionEvent;)V+35
j  javax.swing.DefaultButtonModel.setPressed(Z)V+117
j  javax.swing.plaf.basic.BasicButtonListener.mouseReleased(Ljava/awt/event/MouseEvent;)V+35
j  java.awt.Component.processMouseEvent(Ljava/awt/event/MouseEvent;)V+64
j  javax.swing.JComponent.processMouseEvent(Ljava/awt/event/MouseEvent;)V+23
j  java.awt.Component.processEvent(Ljava/awt/AWTEvent;)V+81
j  java.awt.Container.processEvent(Ljava/awt/AWTEvent;)V+18
j  java.awt.Component.dispatchEventImpl(Ljava/awt/AWTEvent;)V+566
j  java.awt.Container.dispatchEventImpl(Ljava/awt/AWTEvent;)V+42
j  java.awt.Component.dispatchEvent(Ljava/awt/AWTEvent;)V+2
j  java.awt.LightweightDispatcher.retargetMouseEvent(Ljava/awt/Component;ILjava/awt/event/MouseEvent;)V+320
j  java.awt.LightweightDispatcher.processMouseEvent(Ljava/awt/event/MouseEvent;)Z+139
j  java.awt.LightweightDispatcher.dispatchEvent(Ljava/awt/AWTEvent;)Z+50
j  java.awt.Container.dispatchEventImpl(Ljava/awt/AWTEvent;)V+12
j  java.awt.Window.dispatchEventImpl(Ljava/awt/AWTEvent;)V+19
j  java.awt.Component.dispatchEvent(Ljava/awt/AWTEvent;)V+2
j  java.awt.EventQueue.dispatchEventImpl(Ljava/awt/AWTEvent;Ljava/lang/Object;)V+41
j  java.awt.EventQueue.access$000(Ljava/awt/EventQueue;Ljava/awt/AWTEvent;Ljava/lang/Object;)V+3
j  java.awt.EventQueue$1.run()Ljava/lang/Void;+12
j  java.awt.EventQueue$1.run()Ljava/lang/Object;+1
v  ~StubRoutines::call_stub
j  java.security.AccessController.doPrivileged(Ljava/security/PrivilegedAction;Ljava/security/AccessControlContext;)Ljava/lang/Object;+0
j  java.security.AccessControlContext$1.doIntersectionPrivilege(Ljava/security/PrivilegedAction;Ljava/security/AccessControlContext;Ljava/security/AccessControlContext;)Ljava/lang/Object;+28
j  java.security.AccessControlContext$1.doIntersectionPrivilege(Ljava/security/PrivilegedAction;Ljava/security/AccessControlContext;)Ljava/lang/Object;+6
j  java.awt.EventQueue$2.run()Ljava/lang/Void;+11
j  java.awt.EventQueue$2.run()Ljava/lang/Object;+1
v  ~StubRoutines::call_stub
j  java.security.AccessController.doPrivileged(Ljava/security/PrivilegedAction;Ljava/security/AccessControlContext;)Ljava/lang/Object;+0
j  java.security.AccessControlContext$1.doIntersectionPrivilege(Ljava/security/PrivilegedAction;Ljava/security/AccessControlContext;Ljava/security/AccessControlContext;)Ljava/lang/Object;+28
j  java.awt.EventQueue.dispatchEvent(Ljava/awt/AWTEvent;)V+73
j  java.awt.EventDispatchThread.pumpOneEventForFilters(I)Z+204
j  java.awt.EventDispatchThread.pumpEventsForFilter(ILjava/awt/Conditional;Ljava/awt/EventFilter;)V+30
j  java.awt.EventDispatchThread.pumpEventsForHierarchy(ILjava/awt/Conditional;Ljava/awt/Component;)V+11
j  java.awt.EventDispatchThread.pumpEvents(ILjava/awt/Conditional;)V+4
j  java.awt.EventDispatchThread.pumpEvents(Ljava/awt/Conditional;)V+3
j  java.awt.EventDispatchThread.run()V+9
v  ~StubRoutines::call_stub

---------------  P R O C E S S  ---------------

Java Threads: ( => current thread )
  0x08a4a000 JavaThread "TimerQueue" daemon [_thread_blocked, id=6374, stack(0x8eb9b000,0x8ebec000)]
  0x8f1c6c00 JavaThread "DestroyJavaVM" [_thread_blocked, id=6349, stack(0xb68ff000,0xb6950000)]
=>0x8f1c5800 JavaThread "AWT-EventQueue-0" [_thread_in_vm, id=6373, stack(0x8ec82000,0x8ecd3000)]
  0x8f1c4c00 JavaThread "AWT-Shutdown" [_thread_blocked, id=6372, stack(0x8ed60000,0x8edb1000)]
  0x8f180c00 JavaThread "AWT-XAWT" daemon [_thread_in_native, id=6371, stack(0x8edce000,0x8ee1f000)]
  0x8f137c00 JavaThread "Java2D Disposer" daemon [_thread_blocked, id=6370, stack(0x8ee4a000,0x8ee9b000)]
  0x0863ec00 JavaThread "Low Memory Detector" daemon [_thread_blocked, id=6368, stack(0x8f38f000,0x8f3e0000)]
  0x08633400 JavaThread "C2 CompilerThread1" daemon [_thread_blocked, id=6367, stack(0x8f3e0000,0x8f461000)]
  0x08631400 JavaThread "C2 CompilerThread0" daemon [_thread_blocked, id=6366, stack(0x8f461000,0x8f4e2000)]
  0x08629c00 JavaThread "JDWP Command Reader" daemon [_thread_in_native, id=6364, stack(0x8f4e2000,0x8f533000)]
  0x08628000 JavaThread "JDWP Event Helper Thread" daemon [_thread_blocked, id=6363, stack(0x8f533000,0x8f584000)]
  0x08625800 JavaThread "JDWP Transport Listener: dt_socket" daemon [_thread_blocked, id=6360, stack(0x8f584000,0x8f5d5000)]
  0x0861dc00 JavaThread "Signal Dispatcher" daemon [_thread_blocked, id=6359, stack(0x8f5d9000,0x8f62a000)]
  0x0860c800 JavaThread "Finalizer" daemon [_thread_blocked, id=6357, stack(0x8f62a000,0x8f67b000)]
  0x0860b000 JavaThread "Reference Handler" daemon [_thread_blocked, id=6356, stack(0x8f67b000,0x8f6cc000)]

Other Threads:
  0x08607400 VMThread [stack: 0x8f6cc000,0x8f74d000] [id=6354]
  0x08640800 WatcherThread [stack: 0x8f30e000,0x8f38f000] [id=6369]

VM state:not at safepoint (normal execution)

VM Mutex/Monitor currently owned by a thread: None

Heap
 PSYoungGen      total 9408K, used 7877K [0xa8c00000, 0xa9680000, 0xb3400000)
  eden space 8064K, 81% used [0xa8c00000,0xa9263410,0xa93e0000)
  from space 1344K, 99% used [0xa93e0000,0xa952e070,0xa9530000)
  to   space 1344K, 0% used [0xa9530000,0xa9530000,0xa9680000)
 PSOldGen        total 21504K, used 1379K [0x93c00000, 0x95100000, 0xa8c00000)
  object space 21504K, 6% used [0x93c00000,0x93d58fb0,0x95100000)
 PSPermGen       total 16384K, used 12546K [0x8fc00000, 0x90c00000, 0x93c00000)
  object space 16384K, 76% used [0x8fc00000,0x90840a50,0x90c00000)

Code Cache  [0xb34c2000, 0xb3702000, 0xb64c2000)
 total_blobs=319 nmethods=84 adapters=197 free_code_cache=49828736 largest_free_block=17152

Dynamic libraries:
08048000-08052000 r-xp 00000000 08:01 4204232    /usr/lib/jvm/java-6-sun-1.6.0.26/jre/bin/java
08052000-08053000 rwxp 00009000 08:01 4204232    /usr/lib/jvm/java-6-sun-1.6.0.26/jre/bin/java
08584000-08b7b000 rwxp 00000000 00:00 0          [heap]
8e818000-8e81b000 ---p 00000000 00:00 0 
8e81b000-8e869000 rwxp 00000000 00:00 0 
8e869000-8e86c000 ---p 00000000 00:00 0 
8e86c000-8e8ba000 rwxp 00000000 00:00 0 
8e8ba000-8ea00000 rwxs 00000000 00:04 6029319    /SYSV00000000 (deleted)
8ea00000-8ead6000 rwxp 00000000 00:00 0 
8ead6000-8eb00000 ---p 00000000 00:00 0 
8eb4a000-8eb4d000 ---p 00000000 00:00 0 
8eb4d000-8eb9b000 rwxp 00000000 00:00 0 
8eb9b000-8eb9e000 ---p 00000000 00:00 0 
8eb9e000-8ebec000 rwxp 00000000 00:00 0 
8ebec000-8ebed000 r-xs 00000000 08:01 6559598    /var/cache/fontconfig/c05880de57d1f5e948fdfacc138775d9-le32d4.cache-3
8ebed000-8ebf3000 r-xs 00000000 08:01 6553686    /var/cache/fontconfig/945677eb7aeaf62f1d50efc3fb3ec7d8-le32d4.cache-3
8ebf3000-8ebf5000 r-xs 00000000 08:01 6559586    /var/cache/fontconfig/99e8ed0e538f840c565b6ed5dad60d56-le32d4.cache-3
8ebf5000-8ebf8000 r-xs 00000000 08:01 6559585    /var/cache/fontconfig/e383d7ea5fbe662a33d9b44caf393297-le32d4.cache-3
8ebf8000-8ebfb000 r-xs 00000000 08:01 6559581    /var/cache/fontconfig/2cd17615ca594fa2959ae173292e504c-le32d4.cache-3
8ebfb000-8ebfc000 r-xs 00000000 08:01 6559580    /var/cache/fontconfig/e7071f4a29fa870f4323321c154eba04-le32d4.cache-3
8ebfc000-8ec00000 r-xs 00000000 08:01 6562332    /var/cache/fontconfig/926e794c3d5e5dffcaf2fa83ef8d36c2-le32d4.cache-3
8ec00000-8ec04000 r-xs 00000000 08:01 6559550    /var/cache/fontconfig/6eb3985aa4124903f6ff08ba781cd364-le32d4.cache-3
8ec04000-8ec08000 r-xs 00000000 08:01 6559530    /var/cache/fontconfig/a755afe4a08bf5b97852ceb7400b47bc-le32d4.cache-3
8ec08000-8ec0f000 r-xs 00000000 08:01 6561406    /var/cache/fontconfig/6d41288fd70b0be22e8c3a91e032eec0-le32d4.cache-3
8ec0f000-8ec1a000 r-xs 00000000 08:01 6559102    /var/cache/fontconfig/0f34bcd4b6ee430af32735b75db7f02b-le32d4.cache-3
8ec1a000-8ec3c000 r-xs 00000000 08:01 6561940    /var/cache/fontconfig/365b55f210c0a22e9a19e35191240f32-le32d4.cache-3
8ec5a000-8ec6f000 r-xp 00000000 08:01 4204195    /usr/lib/jvm/java-6-sun-1.6.0.26/jre/lib/i386/libdcpr.so
8ec6f000-8ec82000 rwxp 00014000 08:01 4204195    /usr/lib/jvm/java-6-sun-1.6.0.26/jre/lib/i386/libdcpr.so
8ec82000-8ec85000 ---p 00000000 00:00 0 
8ec85000-8ecd3000 rwxp 00000000 00:00 0 
8ecd3000-8ecd4000 r-xs 00000000 08:01 6559598    /var/cache/fontconfig/c05880de57d1f5e948fdfacc138775d9-le32d4.cache-3
8ecd4000-8ecda000 r-xs 00000000 08:01 6553686    /var/cache/fontconfig/945677eb7aeaf62f1d50efc3fb3ec7d8-le32d4.cache-3
8ecda000-8ecdc000 r-xs 00000000 08:01 6559586    /var/cache/fontconfig/99e8ed0e538f840c565b6ed5dad60d56-le32d4.cache-3
8ecdc000-8ecdf000 r-xs 00000000 08:01 6559585    /var/cache/fontconfig/e383d7ea5fbe662a33d9b44caf393297-le32d4.cache-3
8ecdf000-8ece2000 r-xs 00000000 08:01 6559581    /var/cache/fontconfig/2cd17615ca594fa2959ae173292e504c-le32d4.cache-3
8ece2000-8ece3000 r-xs 00000000 08:01 6559580    /var/cache/fontconfig/e7071f4a29fa870f4323321c154eba04-le32d4.cache-3
8ece3000-8ece7000 r-xs 00000000 08:01 6562332    /var/cache/fontconfig/926e794c3d5e5dffcaf2fa83ef8d36c2-le32d4.cache-3
8ece7000-8eceb000 r-xs 00000000 08:01 6559550    /var/cache/fontconfig/6eb3985aa4124903f6ff08ba781cd364-le32d4.cache-3
8eceb000-8ecec000 r-xs 00000000 08:01 6559536    /var/cache/fontconfig/4c73fe0c47614734b17d736dbde7580a-le32d4.cache-3
8ecec000-8eced000 r-xs 00000000 08:01 6559533    /var/cache/fontconfig/0d8c3b2ac0904cb8a57a757ad11a4a08-le32d4.cache-3
8eced000-8ecee000 r-xs 00000000 08:01 6559531    /var/cache/fontconfig/6a53c69dea097a2d716e069445527da8-le32d4.cache-3
8ecee000-8ecf2000 r-xs 00000000 08:01 6559530    /var/cache/fontconfig/a755afe4a08bf5b97852ceb7400b47bc-le32d4.cache-3
8ecf2000-8ecf6000 r-xs 00000000 08:01 6563051    /var/cache/fontconfig/515ca1ebc4b18308bea979be5704f9db-le32d4.cache-3
8ecf6000-8ecfd000 r-xs 00000000 08:01 6561406    /var/cache/fontconfig/6d41288fd70b0be22e8c3a91e032eec0-le32d4.cache-3
8ecfd000-8ed08000 r-xs 00000000 08:01 6559102    /var/cache/fontconfig/0f34bcd4b6ee430af32735b75db7f02b-le32d4.cache-3
8ed08000-8ed0b000 r-xs 00000000 08:01 6558973    /var/cache/fontconfig/d60319d88cac85ba9e1a07bd06cfbb8c-le32d4.cache-3
8ed0b000-8ed0c000 r-xs 00000000 08:01 6558949    /var/cache/fontconfig/4794a0821666d79190d59a36cb4f44b5-le32d4.cache-3
8ed0c000-8ed2e000 r-xs 00000000 08:01 6561940    /var/cache/fontconfig/365b55f210c0a22e9a19e35191240f32-le32d4.cache-3
8ed2e000-8ed32000 r-xs 00000000 08:01 6558803    /var/cache/fontconfig/0dad82dbaa6c15cf0806f139d62298a3-le32d4.cache-3
8ed32000-8ed3f000 r-xs 00000000 08:01 6558786    /var/cache/fontconfig/d52a8644073d54c13679302ca1180695-le32d4.cache-3
8ed42000-8ed46000 r-xs 00000000 08:01 6563051    /var/cache/fontconfig/515ca1ebc4b18308bea979be5704f9db-le32d4.cache-3
8ed46000-8ed49000 r-xs 00000000 08:01 6558973    /var/cache/fontconfig/d60319d88cac85ba9e1a07bd06cfbb8c-le32d4.cache-3
8ed49000-8ed4d000 r-xs 00000000 08:01 6558803    /var/cache/fontconfig/0dad82dbaa6c15cf0806f139d62298a3-le32d4.cache-3
8ed4d000-8ed5a000 r-xs 00000000 08:01 6558786    /var/cache/fontconfig/d52a8644073d54c13679302ca1180695-le32d4.cache-3
8ed60000-8ed63000 ---p 00000000 00:00 0 
8ed63000-8edb1000 rwxp 00000000 00:00 0 
8edb1000-8edb8000 r-xp 00000000 08:01 4204170    /usr/lib/jvm/java-6-sun-1.6.0.26/jre/lib/i386/libnio.so
8edb8000-8edb9000 rwxp 00006000 08:01 4204170    /usr/lib/jvm/java-6-sun-1.6.0.26/jre/lib/i386/libnio.so
8edb9000-8edcd000 r-xp 00000000 08:01 4204174    /usr/lib/jvm/java-6-sun-1.6.0.26/jre/lib/i386/libnet.so
8edcd000-8edce000 rwxp 00013000 08:01 4204174    /usr/lib/jvm/java-6-sun-1.6.0.26/jre/lib/i386/libnet.so
8edce000-8edd1000 ---p 00000000 00:00 0 
8edd1000-8ee1f000 rwxp 00000000 00:00 0 
8ee1f000-8ee28000 r-xp 00000000 08:01 2888842    /usr/lib/i386-linux-gnu/libXrender.so.1.3.0
8ee28000-8ee29000 r-xp 00008000 08:01 2888842    /usr/lib/i386-linux-gnu/libXrender.so.1.3.0
8ee29000-8ee2a000 rwxp 00009000 08:01 2888842    /usr/lib/i386-linux-gnu/libXrender.so.1.3.0
8ee2a000-8ee33000 r-xp 00000000 08:01 2888824    /usr/lib/i386-linux-gnu/libXcursor.so.1.0.2
8ee33000-8ee34000 r-xp 00008000 08:01 2888824    /usr/lib/i386-linux-gnu/libXcursor.so.1.0.2
8ee34000-8ee35000 rwxp 00009000 08:01 2888824    /usr/lib/i386-linux-gnu/libXcursor.so.1.0.2
8ee36000-8ee3c000 r-xs 00000000 08:01 6563081    /var/cache/fontconfig/153bb866d4d26e7cd19eee2129f8d8d2-le32d4.cache-3
8ee3c000-8ee44000 r-xs 00000000 08:01 6562321    /var/cache/fontconfig/e13b20fdb08344e0e664864cc2ede53d-le32d4.cache-3
8ee44000-8ee47000 r-xs 00000000 08:01 6563052    /var/cache/fontconfig/7ef2298fde41cc6eeb7af42e48b7d293-le32d4.cache-3
8ee47000-8ee4a000 r-xs 00000000 08:01 7870021    /home/iliax/.fontconfig/6d3cb80507019da4b5a3cf528a608418-le32d4.cache-3
8ee4a000-8ee4d000 ---p 00000000 00:00 0 
8ee4d000-8ee9b000 rwxp 00000000 00:00 0 
8ee9b000-8ef14000 r-xp 00000000 08:01 4204187    /usr/lib/jvm/java-6-sun-1.6.0.26/jre/lib/i386/libfontmanager.so
8ef14000-8ef1e000 rwxp 00078000 08:01 4204187    /usr/lib/jvm/java-6-sun-1.6.0.26/jre/lib/i386/libfontmanager.so
8ef1e000-8ef23000 rwxp 00000000 00:00 0 
8ef23000-8ef2a000 r-xs 00000000 08:01 2885212    /usr/lib/i386-linux-gnu/gconv/gconv-modules.cache
8ef2a000-8ef55000 r-xp 00000000 08:01 3673930    /usr/share/locale-langpack/ru/LC_MESSAGES/libc.mo
8ef55000-8ef72000 r-xp 00000000 08:01 2889116    /usr/lib/i386-linux-gnu/libxcb.so.1.1.0
8ef72000-8ef73000 r-xp 0001c000 08:01 2889116    /usr/lib/i386-linux-gnu/libxcb.so.1.1.0
8ef73000-8ef74000 rwxp 0001d000 08:01 2889116    /usr/lib/i386-linux-gnu/libxcb.so.1.1.0
8ef74000-8ef82000 r-xp 00000000 08:01 2888836    /usr/lib/i386-linux-gnu/libXi.so.6.1.0
8ef82000-8ef83000 r-xp 0000d000 08:01 2888836    /usr/lib/i386-linux-gnu/libXi.so.6.1.0
8ef83000-8ef84000 rwxp 0000e000 08:01 2888836    /usr/lib/i386-linux-gnu/libXi.so.6.1.0
8ef84000-8f0b5000 r-xp 00000000 08:01 2888818    /usr/lib/i386-linux-gnu/libX11.so.6.3.0
8f0b5000-8f0b6000 ---p 00131000 08:01 2888818    /usr/lib/i386-linux-gnu/libX11.so.6.3.0
8f0b6000-8f0b7000 r-xp 00131000 08:01 2888818    /usr/lib/i386-linux-gnu/libX11.so.6.3.0
8f0b7000-8f0b9000 rwxp 00132000 08:01 2888818    /usr/lib/i386-linux-gnu/libX11.so.6.3.0
8f0b9000-8f0ba000 rwxp 00000000 00:00 0 
8f0ba000-8f0fd000 r-xp 00000000 08:01 4204191    /usr/lib/jvm/java-6-sun-1.6.0.26/jre/lib/i386/xawt/libmawt.so
8f0fd000-8f0ff000 rwxp 00043000 08:01 4204191    /usr/lib/jvm/java-6-sun-1.6.0.26/jre/lib/i386/xawt/libmawt.so
8f0ff000-8f100000 rwxp 00000000 00:00 0 
8f100000-8f1ff000 rwxp 00000000 00:00 0 
8f1ff000-8f200000 ---p 00000000 00:00 0 
8f201000-8f205000 r-xp 00000000 08:01 2888832    /usr/lib/i386-linux-gnu/libXfixes.so.3.1.0
8f205000-8f206000 r-xp 00003000 08:01 2888832    /usr/lib/i386-linux-gnu/libXfixes.so.3.1.0
8f206000-8f207000 rwxp 00004000 08:01 2888832    /usr/lib/i386-linux-gnu/libXfixes.so.3.1.0
8f207000-8f20c000 r-xp 00000000 08:01 2888828    /usr/lib/i386-linux-gnu/libXdmcp.so.6.0.0
8f20c000-8f20d000 r-xp 00004000 08:01 2888828    /usr/lib/i386-linux-gnu/libXdmcp.so.6.0.0
8f20d000-8f20e000 rwxp 00005000 08:01 2888828    /usr/lib/i386-linux-gnu/libXdmcp.so.6.0.0
8f20e000-8f213000 r-xp 00000000 08:01 2886380    /usr/lib/libXtst.so.6.1.0
8f213000-8f214000 r-xp 00004000 08:01 2886380    /usr/lib/libXtst.so.6.1.0
8f214000-8f215000 rwxp 00005000 08:01 2886380    /usr/lib/libXtst.so.6.1.0
8f215000-8f226000 r-xp 00000000 08:01 2888830    /usr/lib/i386-linux-gnu/libXext.so.6.4.0
8f226000-8f227000 r-xp 00010000 08:01 2888830    /usr/lib/i386-linux-gnu/libXext.so.6.4.0
8f227000-8f228000 rwxp 00011000 08:01 2888830    /usr/lib/i386-linux-gnu/libXext.so.6.4.0
8f229000-8f22f000 r-xs 00000000 08:01 6563081    /var/cache/fontconfig/153bb866d4d26e7cd19eee2129f8d8d2-le32d4.cache-3
8f22f000-8f237000 r-xs 00000000 08:01 6562321    /var/cache/fontconfig/e13b20fdb08344e0e664864cc2ede53d-le32d4.cache-3
8f237000-8f23a000 r-xs 00000000 08:01 6563052    /var/cache/fontconfig/7ef2298fde41cc6eeb7af42e48b7d293-le32d4.cache-3
8f23a000-8f23d000 r-xs 00000000 08:01 7870021    /home/iliax/.fontconfig/6d3cb80507019da4b5a3cf528a608418-le32d4.cache-3
8f23d000-8f2c2000 r-xp 00000000 08:01 4204208    /usr/lib/jvm/java-6-sun-1.6.0.26/jre/lib/i386/libawt.so
8f2c2000-8f2c9000 rwxp 00085000 08:01 4204208    /usr/lib/jvm/java-6-sun-1.6.0.26/jre/lib/i386/libawt.so
8f2c9000-8f2ed000 rwxp 00000000 00:00 0 
8f2ed000-8f30e000 r-xs 00172000 08:01 8782254    /home/iliax/NetBeansProjects/IliaxMacroProcessor/lib/guava-11.0.2.jar
8f30e000-8f30f000 ---p 00000000 00:00 0 
8f30f000-8f38f000 rwxp 00000000 00:00 0 
8f38f000-8f392000 ---p 00000000 00:00 0 
8f392000-8f3e0000 rwxp 00000000 00:00 0 
8f3e0000-8f3e3000 ---p 00000000 00:00 0 
8f3e3000-8f461000 rwxp 00000000 00:00 0 
8f461000-8f464000 ---p 00000000 00:00 0 
8f464000-8f4e2000 rwxp 00000000 00:00 0 
8f4e2000-8f4e5000 ---p 00000000 00:00 0 
8f4e5000-8f533000 rwxp 00000000 00:00 0 
8f533000-8f536000 ---p 00000000 00:00 0 
8f536000-8f584000 rwxp 00000000 00:00 0 
8f584000-8f587000 ---p 00000000 00:00 0 
8f587000-8f5d5000 rwxp 00000000 00:00 0 
8f5d5000-8f5d8000 r-xp 00000000 08:01 4204158    /usr/lib/jvm/java-6-sun-1.6.0.26/jre/lib/i386/libdt_socket.so
8f5d8000-8f5d9000 rwxp 00003000 08:01 4204158    /usr/lib/jvm/java-6-sun-1.6.0.26/jre/lib/i386/libdt_socket.so
8f5d9000-8f5dc000 ---p 00000000 00:00 0 
8f5dc000-8f62a000 rwxp 00000000 00:00 0 
8f62a000-8f62d000 ---p 00000000 00:00 0 
8f62d000-8f67b000 rwxp 00000000 00:00 0 
8f67b000-8f67e000 ---p 00000000 00:00 0 
8f67e000-8f6cc000 rwxp 00000000 00:00 0 
8f6cc000-8f6cd000 ---p 00000000 00:00 0 
8f6cd000-8f781000 rwxp 00000000 00:00 0 
8f781000-8f919000 r-xs 03029000 08:01 3544258    /usr/lib/jvm/java-6-sun-1.6.0.26/jre/lib/rt.jar
8f919000-8f91a000 ---p 00000000 00:00 0 
8f91a000-8f99a000 rwxp 00000000 00:00 0 
8f99a000-8f99b000 ---p 00000000 00:00 0 
8f99b000-8fa23000 rwxp 00000000 00:00 0 
8fa23000-8fa3b000 rwxp 00000000 00:00 0 
8fa3b000-8fa46000 rwxp 00000000 00:00 0 
8fa46000-8fae3000 rwxp 00000000 00:00 0 
8fae3000-8faeb000 rwxp 00000000 00:00 0 
8faeb000-8fb03000 rwxp 00000000 00:00 0 
8fb03000-8fb0e000 rwxp 00000000 00:00 0 
8fb0e000-8fbab000 rwxp 00000000 00:00 0 
8fbab000-8fbb1000 rwxp 00000000 00:00 0 
8fbb1000-8fbff000 rwxp 00000000 00:00 0 
8fbff000-90c00000 rwxp 00000000 00:00 0 
90c00000-93c00000 rwxp 00000000 00:00 0 
93c00000-95100000 rwxp 00000000 00:00 0 
95100000-a8c00000 rwxp 00000000 00:00 0 
a8c00000-a9680000 rwxp 00000000 00:00 0 
a9680000-b3400000 rwxp 00000000 00:00 0 
b3401000-b3402000 r-xs 00000000 08:01 6559536    /var/cache/fontconfig/4c73fe0c47614734b17d736dbde7580a-le32d4.cache-3
b3402000-b340b000 rwxp 00000000 00:00 0 
b340b000-b34c2000 rwxp 00000000 00:00 0 
b34c2000-b3702000 rwxp 00000000 00:00 0 
b3702000-b64c2000 rwxp 00000000 00:00 0 
b64c2000-b64d1000 r-xp 00000000 08:01 4204185    /usr/lib/jvm/java-6-sun-1.6.0.26/jre/lib/i386/libzip.so
b64d1000-b64d3000 rwxp 0000e000 08:01 4204185    /usr/lib/jvm/java-6-sun-1.6.0.26/jre/lib/i386/libzip.so
b64d3000-b64de000 r-xp 00000000 08:01 1705025    /lib/i386-linux-gnu/libnss_files-2.13.so
b64de000-b64df000 r-xp 0000a000 08:01 1705025    /lib/i386-linux-gnu/libnss_files-2.13.so
b64df000-b64e0000 rwxp 0000b000 08:01 1705025    /lib/i386-linux-gnu/libnss_files-2.13.so
b64e0000-b64ea000 r-xp 00000000 08:01 1707938    /lib/i386-linux-gnu/libnss_nis-2.13.so
b64ea000-b64eb000 r-xp 00009000 08:01 1707938    /lib/i386-linux-gnu/libnss_nis-2.13.so
b64eb000-b64ec000 rwxp 0000a000 08:01 1707938    /lib/i386-linux-gnu/libnss_nis-2.13.so
b64ec000-b64f4000 r-xp 00000000 08:01 1705023    /lib/i386-linux-gnu/libnss_compat-2.13.so
b64f4000-b64f5000 r-xp 00007000 08:01 1705023    /lib/i386-linux-gnu/libnss_compat-2.13.so
b64f5000-b64f6000 rwxp 00008000 08:01 1705023    /lib/i386-linux-gnu/libnss_compat-2.13.so
b64f6000-b6628000 r-xp 00858000 08:01 2890599    /usr/lib/locale/locale-archive
b6628000-b6668000 r-xp 002bd000 08:01 2890599    /usr/lib/locale/locale-archive
b6668000-b6868000 r-xp 00000000 08:01 2890599    /usr/lib/locale/locale-archive
b6868000-b68a2000 r-xp 00000000 08:01 4204204    /usr/lib/jvm/java-6-sun-1.6.0.26/jre/lib/i386/libjdwp.so
b68a2000-b68a3000 rwxp 00039000 08:01 4204204    /usr/lib/jvm/java-6-sun-1.6.0.26/jre/lib/i386/libjdwp.so
b68a3000-b68b8000 r-xp 00000000 08:01 1705022    /lib/i386-linux-gnu/libnsl-2.13.so
b68b8000-b68b9000 r-xp 00015000 08:01 1705022    /lib/i386-linux-gnu/libnsl-2.13.so
b68b9000-b68ba000 rwxp 00016000 08:01 1705022    /lib/i386-linux-gnu/libnsl-2.13.so
b68ba000-b68bc000 rwxp 00000000 00:00 0 
b68bc000-b68be000 r-xp 00000000 08:01 2888820    /usr/lib/i386-linux-gnu/libXau.so.6.0.0
b68be000-b68bf000 r-xp 00001000 08:01 2888820    /usr/lib/i386-linux-gnu/libXau.so.6.0.0
b68bf000-b68c0000 rwxp 00002000 08:01 2888820    /usr/lib/i386-linux-gnu/libXau.so.6.0.0
b68c0000-b68c9000 r-xs 0006d000 08:01 8782255    /home/iliax/NetBeansProjects/IliaxMacroProcessor/lib/log4j-1.2.16.jar
b68c9000-b68d1000 rwxs 00000000 08:01 6039653    /tmp/hsperfdata_iliax/6347
b68d1000-b68f4000 r-xp 00000000 08:01 4204157    /usr/lib/jvm/java-6-sun-1.6.0.26/jre/lib/i386/libjava.so
b68f4000-b68f6000 rwxp 00023000 08:01 4204157    /usr/lib/jvm/java-6-sun-1.6.0.26/jre/lib/i386/libjava.so
b68f6000-b68fd000 r-xp 00000000 08:01 1708082    /lib/i386-linux-gnu/librt-2.13.so
b68fd000-b68fe000 r-xp 00006000 08:01 1708082    /lib/i386-linux-gnu/librt-2.13.so
b68fe000-b68ff000 rwxp 00007000 08:01 1708082    /lib/i386-linux-gnu/librt-2.13.so
b68ff000-b6902000 ---p 00000000 00:00 0 
b6902000-b6950000 rwxp 00000000 00:00 0 
b6950000-b6978000 r-xp 00000000 08:01 1705019    /lib/i386-linux-gnu/libm-2.13.so
b6978000-b6979000 r-xp 00028000 08:01 1705019    /lib/i386-linux-gnu/libm-2.13.so
b6979000-b697a000 rwxp 00029000 08:01 1705019    /lib/i386-linux-gnu/libm-2.13.so
b697a000-b712c000 r-xp 00000000 08:01 4204177    /usr/lib/jvm/java-6-sun-1.6.0.26/jre/lib/i386/server/libjvm.so
b712c000-b7180000 rwxp 007b1000 08:01 4204177    /usr/lib/jvm/java-6-sun-1.6.0.26/jre/lib/i386/server/libjvm.so
b7180000-b759f000 rwxp 00000000 00:00 0 
b759f000-b7717000 r-xp 00000000 08:01 1705015    /lib/i386-linux-gnu/libc-2.13.so
b7717000-b7719000 r-xp 00178000 08:01 1705015    /lib/i386-linux-gnu/libc-2.13.so
b7719000-b771a000 rwxp 0017a000 08:01 1705015    /lib/i386-linux-gnu/libc-2.13.so
b771a000-b771d000 rwxp 00000000 00:00 0 
b771d000-b7720000 r-xp 00000000 08:01 1705018    /lib/i386-linux-gnu/libdl-2.13.so
b7720000-b7721000 r-xp 00002000 08:01 1705018    /lib/i386-linux-gnu/libdl-2.13.so
b7721000-b7722000 rwxp 00003000 08:01 1705018    /lib/i386-linux-gnu/libdl-2.13.so
b7722000-b7729000 r-xp 00000000 08:01 4204202    /usr/lib/jvm/java-6-sun-1.6.0.26/jre/lib/i386/jli/libjli.so
b7729000-b772b000 rwxp 00006000 08:01 4204202    /usr/lib/jvm/java-6-sun-1.6.0.26/jre/lib/i386/jli/libjli.so
b772b000-b772c000 rwxp 00000000 00:00 0 
b772c000-b7743000 r-xp 00000000 08:01 1708080    /lib/i386-linux-gnu/libpthread-2.13.so
b7743000-b7744000 r-xp 00016000 08:01 1708080    /lib/i386-linux-gnu/libpthread-2.13.so
b7744000-b7745000 rwxp 00017000 08:01 1708080    /lib/i386-linux-gnu/libpthread-2.13.so
b7745000-b7747000 rwxp 00000000 00:00 0 
b7747000-b7748000 r-xs 00000000 08:01 6559533    /var/cache/fontconfig/0d8c3b2ac0904cb8a57a757ad11a4a08-le32d4.cache-3
b7748000-b7749000 r-xs 00000000 08:01 6559531    /var/cache/fontconfig/6a53c69dea097a2d716e069445527da8-le32d4.cache-3
b7749000-b774a000 r-xs 00000000 08:01 6558949    /var/cache/fontconfig/4794a0821666d79190d59a36cb4f44b5-le32d4.cache-3
b774a000-b774d000 r-xp 00000000 08:01 4204180    /usr/lib/jvm/java-6-sun-1.6.0.26/jre/lib/i386/libnpt.so
b774d000-b774e000 rwxp 00002000 08:01 4204180    /usr/lib/jvm/java-6-sun-1.6.0.26/jre/lib/i386/libnpt.so
b774e000-b774f000 rwxp 00000000 00:00 0 
b774f000-b7750000 r-xp 00000000 00:00 0 
b7750000-b775b000 r-xp 00000000 08:01 4204192    /usr/lib/jvm/java-6-sun-1.6.0.26/jre/lib/i386/libverify.so
b775b000-b775c000 rwxp 0000b000 08:01 4204192    /usr/lib/jvm/java-6-sun-1.6.0.26/jre/lib/i386/libverify.so
b775c000-b775e000 rwxp 00000000 00:00 0 
b775e000-b775f000 r-xp 00000000 00:00 0          [vdso]
b775f000-b777d000 r-xp 00000000 08:01 1704996    /lib/i386-linux-gnu/ld-2.13.so
b777d000-b777e000 r-xp 0001d000 08:01 1704996    /lib/i386-linux-gnu/ld-2.13.so
b777e000-b777f000 rwxp 0001e000 08:01 1704996    /lib/i386-linux-gnu/ld-2.13.so
bfc97000-bfcb8000 rwxp 00000000 00:00 0          [stack]

VM Arguments:
jvm_args: -Xdebug -Xrunjdwp:transport=dt_socket,address=localhost:57359 -Dfile.encoding=UTF-8 
java_command: iliaxmacroprocessor.Main
Launcher Type: SUN_STANDARD

Environment Variables:
PATH=/usr/lib/lightdm/lightdm:/usr/local/sbin:/usr/local/bin:/usr/sbin:/usr/bin:/sbin:/bin:/usr/games
USERNAME=iliax
LD_LIBRARY_PATH=/usr/lib/jvm/java-6-sun-1.6.0.26/jre/lib/i386/server:/usr/lib/jvm/java-6-sun-1.6.0.26/jre/lib/i386:/usr/lib/jvm/java-6-sun-1.6.0.26/jre/../lib/i386:/usr/lib/jvm/java-6-sun-1.6.0.26/jre/lib/i386/client:/usr/lib/jvm/java-6-sun-1.6.0.26/jre/lib/i386:/usr/lib/jvm/java-6-sun-1.6.0.26/jre/../lib/i386
SHELL=/bin/bash
DISPLAY=:0

Signal Handlers:
SIGSEGV: [libjvm.so+0x725510], sa_mask[0]=0x7ffbfeff, sa_flags=0x10000004
SIGBUS: [libjvm.so+0x725510], sa_mask[0]=0x7ffbfeff, sa_flags=0x10000004
SIGFPE: [libjvm.so+0x5dff20], sa_mask[0]=0x7ffbfeff, sa_flags=0x10000004
SIGPIPE: [libjvm.so+0x5dff20], sa_mask[0]=0x7ffbfeff, sa_flags=0x10000004
SIGXFSZ: [libjvm.so+0x5dff20], sa_mask[0]=0x7ffbfeff, sa_flags=0x10000004
SIGILL: [libjvm.so+0x5dff20], sa_mask[0]=0x7ffbfeff, sa_flags=0x10000004
SIGUSR1: SIG_DFL, sa_mask[0]=0x00000000, sa_flags=0x00000000
SIGUSR2: [libjvm.so+0x5e3160], sa_mask[0]=0x00000004, sa_flags=0x10000004
SIGHUP: [libjvm.so+0x5e2d40], sa_mask[0]=0x7ffbfeff, sa_flags=0x10000004
SIGINT: SIG_IGN, sa_mask[0]=0x00000000, sa_flags=0x00000000
SIGTERM: [libjvm.so+0x5e2d40], sa_mask[0]=0x7ffbfeff, sa_flags=0x10000004
SIGQUIT: [libjvm.so+0x5e2d40], sa_mask[0]=0x7ffbfeff, sa_flags=0x10000004


---------------  S Y S T E M  ---------------

OS:wheezy/sid

uname:Linux 3.0.0-17-generic #30-Ubuntu SMP Thu Mar 8 17:34:21 UTC 2012 i686
libc:glibc 2.13 NPTL 2.13 
rlimit: STACK 8192k, CORE 0k, NPROC 15997, NOFILE 4096, AS infinity
load average:0,42 0,23 0,22

/proc/meminfo:
MemTotal:        2061640 kB
MemFree:          172204 kB
Buffers:           63140 kB
Cached:           740940 kB
SwapCached:         1232 kB
Active:           943504 kB
Inactive:         811648 kB
Active(anon):     596068 kB
Inactive(anon):   366040 kB
Active(file):     347436 kB
Inactive(file):   445608 kB
Unevictable:          32 kB
Mlocked:              32 kB
HighTotal:       1187272 kB
HighFree:          15100 kB
LowTotal:         874368 kB
LowFree:          157104 kB
SwapTotal:       8132600 kB
SwapFree:        8125528 kB
Dirty:               332 kB
Writeback:             0 kB
AnonPages:        949920 kB
Mapped:           161292 kB
Shmem:             11060 kB
Slab:              65924 kB
SReclaimable:      52928 kB
SUnreclaim:        12996 kB
KernelStack:        3296 kB
PageTables:         7516 kB
NFS_Unstable:          0 kB
Bounce:                0 kB
WritebackTmp:          0 kB
CommitLimit:     9163420 kB
Committed_AS:    2776296 kB
VmallocTotal:     122880 kB
VmallocUsed:       78572 kB
VmallocChunk:      33788 kB
HardwareCorrupted:     0 kB
AnonHugePages:         0 kB
HugePages_Total:       0
HugePages_Free:        0
HugePages_Rsvd:        0
HugePages_Surp:        0
Hugepagesize:       4096 kB
DirectMap4k:      110584 kB
DirectMap4M:      798720 kB


CPU:total 2 (2 cores per cpu, 1 threads per core) family 6 model 15 stepping 6, cmov, cx8, fxsr, mmx, sse, sse2, sse3, ssse3

/proc/cpuinfo:
processor	: 0
vendor_id	: GenuineIntel
cpu family	: 6
model		: 15
model name	: Intel(R) Core(TM)2 CPU          6400  @ 2.13GHz
stepping	: 6
cpu MHz		: 1870.000
cache size	: 2048 KB
physical id	: 0
siblings	: 2
core id		: 0
cpu cores	: 2
apicid		: 0
initial apicid	: 0
fdiv_bug	: no
hlt_bug		: no
f00f_bug	: no
coma_bug	: no
fpu		: yes
fpu_exception	: yes
cpuid level	: 10
wp		: yes
flags		: fpu vme de pse tsc msr pae mce cx8 apic mtrr pge mca cmov pat pse36 clflush dts acpi mmx fxsr sse sse2 ss ht tm pbe nx lm constant_tsc arch_perfmon pebs bts aperfmperf pni dtes64 monitor ds_cpl vmx est tm2 ssse3 cx16 xtpr pdcm lahf_lm dts tpr_shadow
bogomips	: 4256.50
clflush size	: 64
cache_alignment	: 64
address sizes	: 36 bits physical, 48 bits virtual
power management:

processor	: 1
vendor_id	: GenuineIntel
cpu family	: 6
model		: 15
model name	: Intel(R) Core(TM)2 CPU          6400  @ 2.13GHz
stepping	: 6
cpu MHz		: 1603.000
cache size	: 2048 KB
physical id	: 0
siblings	: 2
core id		: 1
cpu cores	: 2
apicid		: 1
initial apicid	: 1
fdiv_bug	: no
hlt_bug		: no
f00f_bug	: no
coma_bug	: no
fpu		: yes
fpu_exception	: yes
cpuid level	: 10
wp		: yes
flags		: fpu vme de pse tsc msr pae mce cx8 apic mtrr pge mca cmov pat pse36 clflush dts acpi mmx fxsr sse sse2 ss ht tm pbe nx lm constant_tsc arch_perfmon pebs bts aperfmperf pni dtes64 monitor ds_cpl vmx est tm2 ssse3 cx16 xtpr pdcm lahf_lm dts tpr_shadow
bogomips	: 4211.46
clflush size	: 64
cache_alignment	: 64
address sizes	: 36 bits physical, 48 bits virtual
power management:



Memory: 4k page, physical 2061640k(172204k free), swap 8132600k(8125528k free)

vm_info: Java HotSpot(TM) Server VM (20.1-b02) for linux-x86 JRE (1.6.0_26-b03), built on May  4 2011 01:04:10 by "java_re" with gcc 3.2.1-7a (J2SE release)

time: Wed Apr 11 18:53:43 2012
elapsed time: 196 seconds

