17:18:01,799  - start
17:18:45,445  - ==================================
17:18:45,447  -    FIRST SCAN
17:18:45,448  - ==================================
17:18:45,450  - первый проход начался
17:18:45,454  - анализ строки: MACRO m1 [x]
17:18:45,913  - начало определения макроса .m1
17:18:46,479  - анализ аргументов: 'x'
17:18:46,482  - добавляем строку:  .metka: add r1 x
17:18:46,485  - метка .metka: добавлена
17:18:46,487  - добавляем строку:   WHILE [ x > 0 ]
17:18:46,495  - добавляем строку:    metka: addr1 
17:18:46,499  - добавляем строку:    m1: qwe
17:18:46,508  - добавляем строку:    DEC x
17:18:46,511  - добавляем строку:   ENDW
17:18:46,513  - добавлен новый макрос: .m1
17:18:46,541  - анализ строки: MEND
17:18:46,544  - пропускаем строку: MEND
17:18:46,559  - анализ строки: m1 [5]
17:18:46,568  - пропускаем строку: m1 [5]
17:18:46,572  - анализ строки: MACRO m2 [x]
17:18:46,575  - начало определения макроса .m2
17:18:46,584  - анализ аргументов: 'x'
17:18:46,587  - добавляем строку: 	$x
17:18:46,595  - добавлен новый макрос: .m2
17:18:46,601  - анализ строки: MEND
17:18:46,613  - пропускаем строку: MEND
17:18:46,616  - анализ строки: end
17:18:46,635  - пропускаем строку: end
17:18:46,649  - первый проход закончился
17:18:46,653  - ==================================
17:18:46,665  -    SECOND SCAN
17:18:46,669  - ==================================
17:18:46,863  - начало 2го прохода
17:18:46,868  - анализ строки: MACRO m1 [x]
17:18:46,885  - пропуск макроопределения...
17:18:46,901  - анализ строки: m1 [5]
17:18:46,905  - начало макроподстановки: .m1
17:18:46,910  - обработка строки:  .metka: add r1 x
17:18:46,937  - пишем строку: .metka: add r1 5
17:18:46,955  - обработка строки:   WHILE [ x > 0 ]
17:18:46,960  - обработка команды WHILE
17:18:46,966  - пишем строку: metka: addr1
17:18:46,988  - пишем строку: m1: qwe
17:18:47,010  - INC/DEC : устанавливаем  переменную'x' (-1)
17:18:47,015  - SET: устанавливаем значение '4' переменной x
17:18:47,020  - конец итерации WHILE
17:18:47,036  - обработка строки:   WHILE [ x > 0 ]
17:18:47,050  - обработка команды WHILE
17:18:47,061  - пишем строку: metka: addr1
17:18:47,091  - пишем строку: m1: qwe
17:18:47,136  - INC/DEC : устанавливаем  переменную'x' (-1)
17:18:47,143  - SET: устанавливаем значение '3' переменной x
17:18:47,163  - конец итерации WHILE
17:18:47,167  - обработка строки: WHILE [ x > 0 ]
17:18:47,181  - обработка команды WHILE
17:18:47,189  - пишем строку: metka: addr1
17:18:47,201  - пишем строку: m1: qwe
17:18:47,215  - INC/DEC : устанавливаем  переменную'x' (-1)
17:18:47,227  - SET: устанавливаем значение '2' переменной x
17:18:47,250  - конец итерации WHILE
17:18:47,261  - обработка строки: WHILE [ x > 0 ]
17:18:47,272  - обработка команды WHILE
17:18:47,283  - пишем строку: metka: addr1
17:18:47,317  - пишем строку: m1: qwe
17:18:47,349  - INC/DEC : устанавливаем  переменную'x' (-1)
17:18:47,374  - SET: устанавливаем значение '1' переменной x
17:18:47,397  - конец итерации WHILE
17:18:47,402  - обработка строки: WHILE [ x > 0 ]
17:18:47,443  - обработка команды WHILE
17:18:47,458  - пишем строку: metka: addr1
17:18:47,476  - пишем строку: m1: qwe
17:18:47,492  - INC/DEC : устанавливаем  переменную'x' (-1)
17:18:47,499  - SET: устанавливаем значение '0' переменной x
17:18:47,514  - конец итерации WHILE
17:18:47,553  - обработка строки: WHILE [ x > 0 ]
17:18:47,572  - обработка команды WHILE
17:18:47,579  - пропуcк блока WHILE - выражение в скобках неверно
17:18:47,593  - анализ строки: MACRO m2 [x]
17:18:47,605  - пропуск макроопределения...
17:18:47,613  - анализ строки: end
17:18:47,631  - 2й проход закончился
17:18:47,653  - 

 OUT:

 add r1 5
 metka: addr1
 m1: qwe
 metka_: addr1
 m1_: qwe
 metka__: addr1
 m1__: qwe
 metka___: addr1
 m1___: qwe
 metka____: addr1
 m1____: qwe
 end

17:18:47,663  - 
== END ==
17:19:07,907  - ==================================
17:19:07,911  -    FIRST SCAN
17:19:07,913  - ==================================
17:19:07,914  - первый проход начался
17:19:07,916  - анализ строки: MACRO m1 [x]
17:19:08,319  - начало определения макроса .m1
17:19:08,799  - анализ аргументов: 'x'
17:19:08,801  - добавляем строку:  .metka: add r1 x
17:19:08,805  - метка .metka: добавлена
17:19:08,807  - добавляем строку:   WHILE [ x > 0 ]
17:19:08,808  - добавляем строку:    metka: addr1 
17:19:08,812  - добавляем строку:    m1: qwe
17:19:08,814  - добавляем строку:    DEC x
17:19:08,824  - добавляем строку:   ENDW
17:19:08,827  - добавлен новый макрос: .m1
17:19:08,832  - анализ строки: MEND
17:19:08,835  - пропускаем строку: MEND
17:19:08,839  - анализ строки: MACRO m2 [x]
17:19:08,843  - начало определения макроса .m2
17:19:08,845  - анализ аргументов: 'x'
17:19:08,849  - добавляем строку: 	$x
17:19:08,856  - добавлен новый макрос: .m2
17:19:08,858  - анализ строки: MEND
17:19:08,870  - пропускаем строку: MEND
17:19:08,879  - анализ строки: m2 [123]
17:19:08,886  - пропускаем строку: m2 [123]
17:19:08,888  - первый проход закончился
17:19:08,893  - ==================================
17:19:08,898  -    SECOND SCAN
17:19:08,900  - ==================================
17:19:09,512  - начало 2го прохода
17:19:09,521  - анализ строки: MACRO m1 [x]
17:19:09,526  - пропуск макроопределения...
17:19:09,528  - анализ строки: MACRO m2 [x]
17:19:09,530  - пропуск макроопределения...
17:19:09,551  - анализ строки: m2 [123]
17:19:09,555  - начало макроподстановки: .m2
17:19:09,560  - обработка строки: 	$x
17:19:09,573  - пишем строку: $x
17:19:09,577  - ОШИБКА! 
'$x' - invalid ASSEBLER instruction
17:22:02,476  - start
17:27:17,095  - start
17:27:21,533  - ==================================
17:27:21,534  -    FIRST SCAN
17:27:21,536  - ==================================
17:27:21,538  - первый проход начался
17:27:21,541  - анализ строки: MACRO m1 [x]
17:27:21,977  - начало определения макроса .m1
17:27:22,512  - анализ аргументов: 'x'
17:27:22,514  - добавляем строку:  .metka: add r1 x
17:27:22,517  - метка .metka: добавлена
17:27:22,520  - добавляем строку:   WHILE [ x > 0 ]
17:27:22,529  - добавляем строку:    metka: addr1 
17:27:22,533  - добавляем строку:    m1: qwe
17:27:22,543  - добавляем строку:    DEC x
17:27:22,548  - добавляем строку:   ENDW
17:27:22,552  - добавлен новый макрос: .m1
17:27:22,583  - анализ строки: MEND
17:27:22,604  - пропускаем строку: MEND
17:27:22,607  - анализ строки: MACRO m2 [x]
17:27:22,610  - начало определения макроса .m2
17:27:22,628  - анализ аргументов: 'x'
17:27:22,631  - добавляем строку: 	$x
17:27:22,635  - добавлен новый макрос: .m2
17:27:22,648  - анализ строки: MEND
17:27:22,651  - пропускаем строку: MEND
17:27:22,658  - анализ строки: m2 [123]
17:27:22,674  - пропускаем строку: m2 [123]
17:27:22,681  - первый проход закончился
17:27:22,703  - ==================================
17:27:22,717  -    SECOND SCAN
17:27:22,721  - ==================================
17:27:22,874  - начало 2го прохода
17:27:22,878  - анализ строки: MACRO m1 [x]
17:27:22,891  - пропуск макроопределения...
17:27:22,908  - анализ строки: MACRO m2 [x]
17:27:22,913  - пропуск макроопределения...
17:27:22,941  - анализ строки: m2 [123]
17:27:22,952  - начало макроподстановки: .m2
17:27:22,958  - обработка строки: 	$x
17:27:22,998  - пишем строку: 123
17:27:23,023  - ОШИБКА! 
'123' - invalid ASSEBLER instruction
17:27:35,378  - start
17:27:51,099  - ==================================
17:27:51,101  -    FIRST SCAN
17:27:51,102  - ==================================
17:27:51,104  - первый проход начался
17:27:51,107  - анализ строки: MACRO m1 [x]
17:27:51,609  - начало определения макроса .m1
17:27:52,112  - анализ аргументов: 'x'
17:27:52,115  - добавляем строку:  .metka: add r1 x
17:27:52,122  - метка .metka: добавлена
17:27:52,129  - добавляем строку:   WHILE [ x > 0 ]
17:27:52,132  - добавляем строку:    metka: addr1 
17:27:52,136  - добавляем строку:    m1: qwe
17:27:52,139  - добавляем строку:    DEC x
17:27:52,154  - добавляем строку:   ENDW
17:27:52,176  - добавлен новый макрос: .m1
17:27:52,179  - анализ строки: MEND
17:27:52,197  - пропускаем строку: MEND
17:27:52,201  - анализ строки: MACRO m2 [x]
17:27:52,207  - начало определения макроса .m2
17:27:52,215  - анализ аргументов: 'x'
17:27:52,218  - добавляем строку: add $x
17:27:52,230  - добавлен новый макрос: .m2
17:27:52,233  - анализ строки: MEND
17:27:52,243  - пропускаем строку: MEND
17:27:52,247  - анализ строки: m2 [123]
17:27:52,251  - пропускаем строку: m2 [123]
17:27:52,255  - первый проход закончился
17:27:52,281  - ==================================
17:27:52,295  -    SECOND SCAN
17:27:52,308  - ==================================
17:27:52,391  - начало 2го прохода
17:27:52,394  - анализ строки: MACRO m1 [x]
17:27:52,397  - пропуск макроопределения...
17:27:52,415  - анализ строки: MACRO m2 [x]
17:27:52,432  - пропуск макроопределения...
17:27:52,436  - анализ строки: m2 [123]
17:27:52,441  - начало макроподстановки: .m2
17:27:52,464  - обработка строки: add $x
17:27:52,470  - пишем строку: add 123
17:27:52,478  - 2й проход закончился
17:27:52,482  - 

 OUT:

 add 123

17:27:52,498  - 
== END ==
17:28:11,780  - start
17:28:30,379  - ==================================
17:28:30,380  -    FIRST SCAN
17:28:30,383  - ==================================
17:28:30,384  - первый проход начался
17:28:30,388  - анализ строки: MACRO M [ x ]
17:28:30,857  - начало определения макроса .M
17:28:31,296  - анализ аргументов: 'x'
17:28:31,299  - добавляем строку:   SET size 5  
17:28:31,308  - добавляем строку:   WHILE [ $x > size ]
17:28:31,309  - добавляем строку:     DEC x
17:28:31,323  - добавляем строку:     print [ x ]
17:28:31,336  - добавляем строку:     IF [ $x == size ]
17:28:31,349  - добавляем строку: 	ololo
17:28:31,352  - добавляем строку:     ENDIF
17:28:31,359  - добавляем строку:   ENDW
17:28:31,362  - начало обработки вложенного макроса
17:28:31,377  - начало определения макроса .M.print
17:28:31,383  - анализ аргументов: 'arg'
17:28:31,388  - добавляем строку:     prints arg
17:28:31,402  - добавлен новый макрос: .M.print
17:28:31,409  - добавляем строку:   GOTO Metka
17:28:31,420  - добавляем строку: // skip this invalid code..
17:28:31,424  - добавляем строку:   .Metka: end
17:28:31,428  - метка .Metka: добавлена
17:28:31,437  - добавлен новый макрос: .M
17:28:31,444  - анализ строки: MEND
17:28:31,462  - пропускаем строку: MEND
17:28:31,466  - анализ строки: MACRO m []
17:28:31,476  - начало определения макроса .m
17:28:31,480  - анализ аргументов: ''
17:28:31,494  - добавляем строку:  L1: qwe
17:28:31,498  - добавляем строку:  add L1
17:28:31,531  - добавлен новый макрос: .m
17:28:31,561  - анализ строки: MEND
17:28:31,565  - пропускаем строку: MEND
17:28:31,589  - анализ строки: M [ 10 ]
17:28:31,597  - пропускаем строку: M [ 10 ]
17:28:31,620  - первый проход закончился
17:28:31,630  - ==================================
17:28:31,640  -    SECOND SCAN
17:28:31,660  - ==================================
17:28:31,771  - начало 2го прохода
17:28:31,788  - анализ строки: MACRO M [ x ]
17:28:31,820  - пропуск макроопределения...
17:28:31,842  - пропуск макроопределения...
17:28:31,852  - анализ строки: MACRO m []
17:28:31,858  - пропуск макроопределения...
17:28:31,869  - анализ строки: M [ 10 ]
17:28:31,875  - начало макроподстановки: .M
17:28:31,892  - обработка строки:   SET size 5  
17:28:31,925  - SET: устанавливаем значение '5' переменной size
17:28:31,934  - обработка строки:   WHILE [ $x > size ]
17:28:31,947  - обработка команды WHILE
17:28:31,961  - ОШИБКА! you cant compare strings with '>'
17:29:09,953  - ==================================
17:29:09,957  -    FIRST SCAN
17:29:09,961  - ==================================
17:29:09,962  - первый проход начался
17:29:09,963  - анализ строки: MACRO M [ x ]
17:29:10,543  - начало определения макроса .M
17:29:11,047  - анализ аргументов: 'x'
17:29:11,052  - добавляем строку:   SET size 5  
17:29:11,053  - добавляем строку:   WHILE [ $x == size ]
17:29:11,054  - добавляем строку:     DEC x
17:29:11,056  - добавляем строку:     print [ x ]
17:29:11,057  - добавляем строку:     IF [ $x == size ]
17:29:11,065  - добавляем строку: 	ololo
17:29:11,069  - добавляем строку:     ENDIF
17:29:11,071  - добавляем строку:   ENDW
17:29:11,078  - начало обработки вложенного макроса
17:29:11,082  - начало определения макроса .M.print
17:29:11,088  - анализ аргументов: 'arg'
17:29:11,093  - добавляем строку:     prints arg
17:29:11,096  - добавлен новый макрос: .M.print
17:29:11,103  - добавляем строку:   GOTO Metka
17:29:11,111  - добавляем строку: // skip this invalid code..
17:29:11,113  - добавляем строку:   .Metka: end
17:29:11,115  - метка .Metka: добавлена
17:29:11,120  - добавлен новый макрос: .M
17:29:11,122  - анализ строки: MEND
17:29:11,126  - пропускаем строку: MEND
17:29:11,129  - анализ строки: MACRO m []
17:29:11,135  - начало определения макроса .m
17:29:11,140  - анализ аргументов: ''
17:29:11,143  - добавляем строку:  L1: qwe
17:29:11,157  - добавляем строку:  add L1
17:29:11,160  - добавлен новый макрос: .m
17:29:11,163  - анализ строки: MEND
17:29:11,170  - пропускаем строку: MEND
17:29:11,175  - анализ строки: M [ 10 ]
17:29:11,178  - пропускаем строку: M [ 10 ]
17:29:11,192  - первый проход закончился
17:29:11,197  - ==================================
17:29:11,212  -    SECOND SCAN
17:29:11,220  - ==================================
17:29:11,465  - начало 2го прохода
17:29:11,477  - анализ строки: MACRO M [ x ]
17:29:11,481  - пропуск макроопределения...
17:29:11,491  - пропуск макроопределения...
17:29:11,504  - анализ строки: MACRO m []
17:29:11,511  - пропуск макроопределения...
17:29:11,519  - анализ строки: M [ 10 ]
17:29:11,524  - начало макроподстановки: .M
17:29:11,528  - обработка строки:   SET size 5  
17:29:11,532  - SET: устанавливаем значение '5' переменной size
17:29:11,541  - обработка строки:   WHILE [ $x == size ]
17:29:11,562  - обработка команды WHILE
17:29:11,571  - пропуcк блока WHILE - выражение в скобках неверно
17:29:11,586  - обработка строки:   GOTO Metka
17:29:11,599  - обработка команды GOTO на метку 'Metka'
17:29:11,604  - обработка строки:   .Metka: end
17:29:11,609  - пишем строку: .Metka: end
17:29:11,638  - 2й проход закончился
17:29:11,643  - 

 OUT:

 end

17:29:11,659  - 
== END ==
17:29:28,210  - ==================================
17:29:28,211  -    FIRST SCAN
17:29:28,212  - ==================================
17:29:28,214  - первый проход начался
17:29:28,215  - анализ строки: MACRO M [ x ]
17:29:28,896  - начало определения макроса .M
17:29:28,897  - анализ аргументов: 'x'
17:29:28,899  - добавляем строку:   SET size 5  
17:29:28,901  - добавляем строку:  $size
17:29:28,903  - добавляем строку:   WHILE [ $x == size ]
17:29:28,906  - добавляем строку:     DEC x
17:29:28,914  - добавляем строку:     print [ x ]
17:29:28,916  - добавляем строку:     IF [ $x == size ]
17:29:28,920  - добавляем строку: 	ololo
17:29:28,923  - добавляем строку:     ENDIF
17:29:28,926  - добавляем строку:   ENDW
17:29:28,928  - начало обработки вложенного макроса
17:29:28,930  - начало определения макроса .M.print
17:29:28,932  - анализ аргументов: 'arg'
17:29:28,935  - добавляем строку:     prints arg
17:29:28,937  - добавлен новый макрос: .M.print
17:29:28,939  - добавляем строку:   GOTO Metka
17:29:28,942  - добавляем строку: // skip this invalid code..
17:29:28,946  - добавляем строку:   .Metka: end
17:29:28,949  - метка .Metka: добавлена
17:29:28,953  - добавлен новый макрос: .M
17:29:28,963  - анализ строки: MEND
17:29:28,965  - пропускаем строку: MEND
17:29:28,968  - анализ строки: MACRO m []
17:29:28,987  - начало определения макроса .m
17:29:28,992  - анализ аргументов: ''
17:29:29,004  - добавляем строку:  L1: qwe
17:29:29,007  - добавляем строку:  add L1
17:29:29,009  - добавлен новый макрос: .m
17:29:29,023  - анализ строки: MEND
17:29:29,025  - пропускаем строку: MEND
17:29:29,031  - анализ строки: M [ 10 ]
17:29:29,048  - пропускаем строку: M [ 10 ]
17:29:29,051  - первый проход закончился
17:29:29,060  - ==================================
17:29:29,063  -    SECOND SCAN
17:29:29,070  - ==================================
17:29:29,970  - начало 2го прохода
17:29:29,973  - анализ строки: MACRO M [ x ]
17:29:29,980  - пропуск макроопределения...
17:29:29,983  - пропуск макроопределения...
17:29:30,001  - анализ строки: MACRO m []
17:29:30,004  - пропуск макроопределения...
17:29:30,022  - анализ строки: M [ 10 ]
17:29:30,032  - начало макроподстановки: .M
17:29:30,045  - обработка строки:   SET size 5  
17:29:30,048  - SET: устанавливаем значение '5' переменной size
17:29:30,053  - обработка строки:  $size
17:29:30,062  - пишем строку: 5
17:29:30,066  - ОШИБКА! 
'5' - invalid ASSEBLER instruction
17:29:51,281  - ==================================
17:29:51,282  -    FIRST SCAN
17:29:51,283  - ==================================
17:29:51,284  - первый проход начался
17:29:51,286  - анализ строки: MACRO M [ x ]
17:29:51,992  - начало определения макроса .M
17:29:52,559  - анализ аргументов: 'x'
17:29:52,561  - добавляем строку:   SET size 5  
17:29:52,561  - добавляем строку:   print [ $size ]
17:29:52,564  - добавляем строку:   WHILE [ $x == size ]
17:29:52,565  - добавляем строку:     DEC x
17:29:52,567  - добавляем строку:     print [ x ]
17:29:52,569  - добавляем строку:     IF [ $x == size ]
17:29:52,572  - добавляем строку: 	ololo
17:29:52,574  - добавляем строку:     ENDIF
17:29:52,576  - добавляем строку:   ENDW
17:29:52,578  - начало обработки вложенного макроса
17:29:52,580  - начало определения макроса .M.print
17:29:52,591  - анализ аргументов: 'arg'
17:29:52,596  - добавляем строку:     prints arg
17:29:52,599  - добавлен новый макрос: .M.print
17:29:52,600  - добавляем строку:   GOTO Metka
17:29:52,604  - добавляем строку: // skip this invalid code..
17:29:52,607  - добавляем строку:   .Metka: end
17:29:52,615  - метка .Metka: добавлена
17:29:52,616  - добавлен новый макрос: .M
17:29:52,626  - анализ строки: MEND
17:29:52,639  - пропускаем строку: MEND
17:29:52,640  - анализ строки: MACRO m []
17:29:52,641  - начало определения макроса .m
17:29:52,655  - анализ аргументов: ''
17:29:52,656  - добавляем строку:  L1: qwe
17:29:52,658  - добавляем строку:  add L1
17:29:52,659  - добавлен новый макрос: .m
17:29:52,661  - анализ строки: MEND
17:29:52,673  - пропускаем строку: MEND
17:29:52,675  - анализ строки: M [ 10 ]
17:29:52,676  - пропускаем строку: M [ 10 ]
17:29:52,690  - первый проход закончился
17:29:52,692  - ==================================
17:29:52,694  -    SECOND SCAN
17:29:52,698  - ==================================
17:29:52,976  - начало 2го прохода
17:29:52,979  - анализ строки: MACRO M [ x ]
17:29:52,982  - пропуск макроопределения...
17:29:52,985  - пропуск макроопределения...
17:29:52,994  - анализ строки: MACRO m []
17:29:52,996  - пропуск макроопределения...
17:29:52,999  - анализ строки: M [ 10 ]
17:29:53,004  - начало макроподстановки: .M
17:29:53,013  - обработка строки:   SET size 5  
17:29:53,016  - SET: устанавливаем значение '5' переменной size
17:29:53,018  - обработка строки:   print [ $size ]
17:29:53,020  - начало макроподстановки: .M.print
17:29:53,023  - обработка строки:     prints arg
17:29:53,025  - пишем строку: prints arg
17:29:53,028  - обработка строки:   WHILE [ $x == size ]
17:29:53,031  - обработка команды WHILE
17:29:53,034  - пропуcк блока WHILE - выражение в скобках неверно
17:29:53,036  - обработка строки:   GOTO Metka
17:29:53,039  - обработка команды GOTO на метку 'Metka'
17:29:53,049  - обработка строки:   .Metka: end
17:29:53,059  - пишем строку: .Metka: end
17:29:53,062  - 2й проход закончился
17:29:53,064  - 

 OUT:

 prints arg
 end

17:29:53,067  - 
== END ==
17:30:05,201  - ==================================
17:30:05,202  -    FIRST SCAN
17:30:05,203  - ==================================
17:30:05,205  - первый проход начался
17:30:05,206  - анализ строки: MACRO M [ x ]
17:30:05,616  - начало определения макроса .M
17:30:06,240  - анализ аргументов: 'x'
17:30:06,241  - добавляем строку:   SET size 5  
17:30:06,242  - добавляем строку:   print [ $size ]
17:30:06,244  - добавляем строку:   WHILE [ $x == size ]
17:30:06,245  - добавляем строку:     DEC x
17:30:06,246  - добавляем строку:     print [ x ]
17:30:06,246  - добавляем строку:     IF [ $x == size ]
17:30:06,247  - добавляем строку: 	ololo
17:30:06,248  - добавляем строку:     ENDIF
17:30:06,249  - добавляем строку:   ENDW
17:30:06,259  - начало обработки вложенного макроса
17:30:06,261  - начало определения макроса .M.print
17:30:06,263  - анализ аргументов: 'arg'
17:30:06,266  - добавляем строку:     prints $arg
17:30:06,273  - добавлен новый макрос: .M.print
17:30:06,275  - добавляем строку:   GOTO Metka
17:30:06,278  - добавляем строку: // skip this invalid code..
17:30:06,281  - добавляем строку:   .Metka: end
17:30:06,283  - метка .Metka: добавлена
17:30:06,291  - добавлен новый макрос: .M
17:30:06,292  - анализ строки: MEND
17:30:06,294  - пропускаем строку: MEND
17:30:06,307  - анализ строки: MACRO m []
17:30:06,309  - начало определения макроса .m
17:30:06,310  - анализ аргументов: ''
17:30:06,311  - добавляем строку:  L1: qwe
17:30:06,317  - добавляем строку:  add L1
17:30:06,323  - добавлен новый макрос: .m
17:30:06,325  - анализ строки: MEND
17:30:06,326  - пропускаем строку: MEND
17:30:06,327  - анализ строки: M [ 10 ]
17:30:06,328  - пропускаем строку: M [ 10 ]
17:30:06,329  - первый проход закончился
17:30:06,330  - ==================================
17:30:06,333  -    SECOND SCAN
17:30:06,335  - ==================================
17:30:06,863  - начало 2го прохода
17:30:06,865  - анализ строки: MACRO M [ x ]
17:30:06,866  - пропуск макроопределения...
17:30:06,868  - пропуск макроопределения...
17:30:06,874  - анализ строки: MACRO m []
17:30:06,876  - пропуск макроопределения...
17:30:06,879  - анализ строки: M [ 10 ]
17:30:06,881  - начало макроподстановки: .M
17:30:06,888  - обработка строки:   SET size 5  
17:30:06,890  - SET: устанавливаем значение '5' переменной size
17:30:06,895  - обработка строки:   print [ $size ]
17:30:06,897  - начало макроподстановки: .M.print
17:30:06,900  - обработка строки:     prints $arg
17:30:06,904  - пишем строку: prints 5
17:30:06,907  - обработка строки:   WHILE [ $x == size ]
17:30:06,915  - обработка команды WHILE
17:30:06,935  - пропуcк блока WHILE - выражение в скобках неверно
17:30:06,939  - обработка строки:   GOTO Metka
17:30:06,941  - обработка команды GOTO на метку 'Metka'
17:30:06,948  - обработка строки:   .Metka: end
17:30:06,950  - пишем строку: .Metka: end
17:30:06,960  - 2й проход закончился
17:30:06,962  - 

 OUT:

 prints 5
 end

17:30:06,965  - 
== END ==
17:36:16,009  - start
17:36:19,835  - ==================================
17:36:19,837  -    FIRST SCAN
17:36:19,838  - ==================================
17:36:19,840  - первый проход начался
17:36:19,844  - анализ строки: MACRO m1 [x]
17:36:20,249  - начало определения макроса .m1
17:36:20,960  - анализ аргументов: 'x'
17:36:20,963  - добавляем строку:  .metka: add r1 x
17:36:20,970  - метка .metka: добавлена
17:36:20,977  - добавляем строку:   WHILE [ x > 0 ]
17:36:20,984  - добавляем строку:    metka: addr1 
17:36:20,987  - добавляем строку:    m1: qwe
17:36:21,015  - добавляем строку:    DEC x
17:36:21,033  - добавляем строку:   ENDW
17:36:21,035  - добавлен новый макрос: .m1
17:36:21,037  - анализ строки: MEND
17:36:21,045  - пропускаем строку: MEND
17:36:21,048  - анализ строки: MACRO m2 [x]
17:36:21,060  - начало определения макроса .m2
17:36:21,064  - анализ аргументов: 'x'
17:36:21,074  - добавляем строку: add $x
17:36:21,085  - добавлен новый макрос: .m2
17:36:21,088  - анализ строки: MEND
17:36:21,100  - пропускаем строку: MEND
17:36:21,103  - анализ строки: m2 [123]
17:36:21,117  - пропускаем строку: m2 [123]
17:36:21,124  - первый проход закончился
17:36:21,153  - ==================================
17:36:21,165  -    SECOND SCAN
17:36:21,169  - ==================================
17:36:21,249  - начало 2го прохода
17:36:21,256  - анализ строки: MACRO m1 [x]
17:36:21,267  - пропуск макроопределения...
17:36:21,287  - анализ строки: MACRO m2 [x]
17:36:21,294  - пропуск макроопределения...
17:36:21,317  - анализ строки: m2 [123]
17:36:21,324  - начало макроподстановки: .m2
17:36:21,332  - обработка строки: add $x
17:36:21,337  - пишем строку: add 123
17:36:21,352  - 2й проход закончился
17:36:21,358  - 

 OUT:

 add 123

17:36:21,376  - 
== END ==
17:39:57,548  - start
17:43:02,261  - start
17:43:15,487  - ==================================
17:43:15,488  -    FIRST SCAN
17:43:15,490  - ==================================
17:43:15,491  - первый проход начался
17:43:15,494  - анализ строки: MACRO M [ x ]
17:43:15,810  - начало определения макроса .M
17:43:16,224  - анализ аргументов: 'x'
17:43:16,227  - добавляем строку:   SET size 5  
17:43:16,230  - добавляем строку:   print [ $size ]
17:43:16,238  - добавляем строку:   WHILE [ $x == size ]
17:43:16,241  - добавляем строку:     DEC x
17:43:16,245  - добавляем строку:     print [ x ]
17:43:16,249  - добавляем строку:     IF [ $x == size ]
17:43:16,260  - добавляем строку: 	ololo
17:43:16,284  - добавляем строку:     ENDIF
17:43:16,292  - добавляем строку:   ENDW
17:43:16,296  - начало обработки вложенного макроса
17:43:16,302  - начало определения макроса .M.print
17:43:16,326  - анализ аргументов: 'arg'
17:43:16,329  - добавляем строку:     prints $arg
17:43:16,331  - добавлен новый макрос: .M.print
17:43:16,335  - добавляем строку:   GOTO Metka
17:43:16,345  - добавляем строку: // skip this invalid code..
17:43:16,351  - добавляем строку:   .Metka: end
17:43:16,355  - метка .Metka: добавлена
17:43:16,358  - добавлен новый макрос: .M
17:43:16,373  - анализ строки: MEND
17:43:16,381  - пропускаем строку: MEND
17:43:16,422  - анализ строки: MACRO m []
17:43:16,434  - начало определения макроса .m
17:43:16,451  - анализ аргументов: ''
17:43:16,455  - добавляем строку:  L1: qwe
17:43:16,479  - добавляем строку:  add L1
17:43:16,483  - добавлен новый макрос: .m
17:43:16,498  - анализ строки: MEND
17:43:16,513  - пропускаем строку: MEND
17:43:16,517  - анализ строки: .M [ 10 ]
17:43:16,541  - пропускаем строку: .M [ 10 ]
17:43:16,547  - первый проход закончился
17:43:16,560  - ==================================
17:43:16,565  -    SECOND SCAN
17:43:16,574  - ==================================
17:43:16,725  - начало 2го прохода
17:43:16,730  - анализ строки: MACRO M [ x ]
17:43:16,743  - пропуск макроопределения...
17:43:16,748  - пропуск макроопределения...
17:43:16,762  - анализ строки: MACRO m []
17:43:16,781  - пропуск макроопределения...
17:43:16,806  - анализ строки: .M [ 10 ]
17:43:16,815  - ОШИБКА! 
'.M [ 10 ]' - invalid ASSEBLER instruction
17:44:15,029  - start
17:44:22,214  - ==================================
17:44:22,216  -    FIRST SCAN
17:44:22,217  - ==================================
17:44:22,219  - первый проход начался
17:44:22,224  - анализ строки: MACRO m1 [x]
17:44:22,812  - начало определения макроса .m1
17:44:23,280  - анализ аргументов: 'x'
17:44:23,283  - добавляем строку:  .metka: add r1 x
17:44:23,432  - метка .metka: добавлена
17:44:23,576  - добавляем строку:   WHILE [ x > 0 ]
17:44:23,752  - добавляем строку:    metka: addr1 
17:44:23,936  - добавляем строку:    m1: qwe
17:44:24,113  - добавляем строку:    DEC x
17:44:24,264  - добавляем строку:   ENDW
17:44:24,409  - добавлен новый макрос: .m1
17:44:24,856  - анализ строки: MEND
17:44:25,032  - пропускаем строку: MEND
17:44:25,184  - анализ строки: MACRO m2 [x]
17:44:25,329  - начало определения макроса .m2
17:44:25,514  - анализ аргументов: 'x'
17:44:25,517  - добавляем строку: add $x
17:44:26,040  - добавлен новый макрос: .m2
17:44:26,400  - анализ строки: MEND
17:44:26,552  - пропускаем строку: MEND
17:44:26,730  - анализ строки: m2 [123]
17:44:26,906  - пропускаем строку: m2 [123]
17:44:27,080  - первый проход закончился
17:44:27,102  - ==================================
17:44:27,107  -    SECOND SCAN
17:44:27,119  - ==================================
17:44:27,264  - начало 2го прохода
17:44:27,269  - анализ строки: MACRO m1 [x]
17:44:27,408  - пропуск макроопределения...
17:44:27,413  - анализ строки: MACRO m2 [x]
17:44:27,592  - пропуск макроопределения...
17:44:27,597  - анализ строки: m2 [123]
17:44:27,824  - начало макроподстановки: .m2
17:44:28,008  - обработка строки: add $x
17:44:28,015  - пишем строку: add 123
17:44:28,185  - 2й проход закончился
17:44:28,195  - 

 OUT:

 add 123

17:44:28,209  - 
== END ==
17:45:00,847  - ==================================
17:45:00,848  -    FIRST SCAN
17:45:00,849  - ==================================
17:45:00,851  - первый проход начался
17:45:00,852  - анализ строки: MACRO m1 [x]
17:45:01,256  - начало определения макроса .m1
17:45:01,648  - анализ аргументов: 'x'
17:45:01,650  - добавляем строку:  .metka: add r1 x
17:45:01,824  - метка .metka: добавлена
17:45:02,240  - добавляем строку:   WHILE [ x > 0 ]
17:45:02,242  - добавляем строку:    metka: addr1 
17:45:02,256  - добавляем строку:    m1: qwe
17:45:02,259  - добавляем строку:    DEC x
17:45:02,262  - добавляем строку:   ENDW
17:45:02,267  - добавлен новый макрос: .m1
17:45:02,269  - анализ строки: MEND
17:45:02,278  - пропускаем строку: MEND
17:45:02,280  - анализ строки: MACRO m2 [x]
17:45:02,283  - начало определения макроса .m2
17:45:02,285  - анализ аргументов: 'x'
17:45:02,288  - добавляем строку: add x
17:45:02,300  - добавлен новый макрос: .m2
17:45:02,305  - анализ строки: MEND
17:45:02,321  - пропускаем строку: MEND
17:45:02,335  - анализ строки: m2 [123]
17:45:02,348  - пропускаем строку: m2 [123]
17:45:02,351  - первый проход закончился
17:45:02,356  - ==================================
17:45:02,368  -    SECOND SCAN
17:45:02,377  - ==================================
17:45:02,688  - начало 2го прохода
17:45:02,699  - анализ строки: MACRO m1 [x]
17:45:02,705  - пропуск макроопределения...
17:45:02,709  - анализ строки: MACRO m2 [x]
17:45:02,716  - пропуск макроопределения...
17:45:02,719  - анализ строки: m2 [123]
17:45:02,723  - начало макроподстановки: .m2
17:45:02,727  - обработка строки: add x
17:45:02,731  - пишем строку: add x
17:45:02,735  - 2й проход закончился
17:45:02,750  - 

 OUT:

 add x

17:45:02,764  - 
== END ==
17:45:11,337  - ==================================
17:45:11,338  -    FIRST SCAN
17:45:11,340  - ==================================
17:45:11,341  - первый проход начался
17:45:11,342  - анализ строки: MACRO m1 [x]
17:45:11,752  - начало определения макроса .m1
17:45:12,680  - анализ аргументов: 'x'
17:45:12,682  - добавляем строку:  .metka: add r1 x
17:45:12,856  - метка .metka: добавлена
17:45:12,977  - добавляем строку:   WHILE [ x > 0 ]
17:45:13,120  - добавляем строку:    metka: addr1 
17:45:13,480  - добавляем строку:    m1: qwe
17:45:13,600  - добавляем строку:    DEC x
17:45:13,744  - добавляем строку:   ENDW
17:45:13,928  - добавлен новый макрос: .m1
17:45:14,226  - анализ строки: MEND
17:45:14,368  - пропускаем строку: MEND
17:45:14,520  - анализ строки: MACRO m2 [x]
17:45:14,696  - начало определения макроса .m2
17:45:14,872  - анализ аргументов: 'x'
17:45:14,875  - добавляем строку: add $x
17:45:15,056  - добавлен новый макрос: .m2
17:45:15,384  - анализ строки: MEND
17:45:15,560  - пропускаем строку: MEND
17:45:15,704  - анализ строки: m2 [123]
17:45:15,944  - пропускаем строку: m2 [123]
17:45:16,392  - первый проход закончился
17:45:16,399  - ==================================
17:45:16,402  -    SECOND SCAN
17:45:16,405  - ==================================
17:45:17,104  - начало 2го прохода
17:45:17,108  - анализ строки: MACRO m1 [x]
17:45:17,115  - пропуск макроопределения...
17:45:17,118  - анализ строки: MACRO m2 [x]
17:45:17,122  - пропуск макроопределения...
17:45:17,128  - анализ строки: m2 [123]
17:45:17,135  - начало макроподстановки: .m2
17:45:17,138  - обработка строки: add $x
17:45:17,142  - пишем строку: add 123
17:45:17,152  - 2й проход закончился
17:45:17,156  - 

 OUT:

 add 123

17:45:17,165  - 
== END ==
17:45:25,122  - ==================================
17:45:25,125  -    FIRST SCAN
17:45:25,127  - ==================================
17:45:25,130  - первый проход начался
17:45:25,132  - анализ строки: MACRO M [ x ]
17:45:25,504  - начало определения макроса .M
17:45:25,976  - анализ аргументов: 'x'
17:45:25,977  - добавляем строку:   SET size 5  
17:45:26,160  - добавляем строку:   print [ $size ]
17:45:26,304  - добавляем строку:   WHILE [ $x == size ]
17:45:26,456  - добавляем строку:     DEC x
17:45:26,600  - добавляем строку:     print [ x ]
17:45:26,720  - добавляем строку:     IF [ $x == size ]
17:45:26,872  - добавляем строку: 	ololo
17:45:27,432  - добавляем строку:     ENDIF
17:45:27,438  - добавляем строку:   ENDW
17:45:27,440  - начало обработки вложенного макроса
17:45:27,442  - начало определения макроса .M.print
17:45:27,446  - анализ аргументов: 'arg'
17:45:27,450  - добавляем строку:     prints $arg
17:45:27,452  - добавлен новый макрос: .M.print
17:45:27,466  - добавляем строку:   GOTO Metka
17:45:27,471  - добавляем строку: // skip this invalid code..
17:45:27,473  - добавляем строку:   .Metka: end
17:45:27,476  - метка .Metka: добавлена
17:45:27,478  - добавлен новый макрос: .M
17:45:27,483  - анализ строки: MEND
17:45:27,485  - пропускаем строку: MEND
17:45:27,502  - анализ строки: MACRO m []
17:45:27,505  - начало определения макроса .m
17:45:27,510  - анализ аргументов: ''
17:45:27,515  - добавляем строку:  L1: qwe
17:45:27,518  - добавляем строку:  add L1
17:45:27,527  - добавлен новый макрос: .m
17:45:27,534  - анализ строки: MEND
17:45:27,537  - пропускаем строку: MEND
17:45:27,542  - анализ строки: .M [ 10 ]
17:45:27,553  - пропускаем строку: .M [ 10 ]
17:45:27,556  - первый проход закончился
17:45:27,563  - ==================================
17:45:27,573  -    SECOND SCAN
17:45:27,576  - ==================================
17:45:27,882  - начало 2го прохода
17:45:27,885  - анализ строки: MACRO M [ x ]
17:45:27,893  - пропуск макроопределения...
17:45:27,909  - пропуск макроопределения...
17:45:27,930  - анализ строки: MACRO m []
17:45:27,933  - пропуск макроопределения...
17:45:27,941  - анализ строки: .M [ 10 ]
17:45:27,949  - ОШИБКА! 
'.M [ 10 ]' - invalid ASSEBLER instruction
17:45:33,950  - ==================================
17:45:33,953  -    FIRST SCAN
17:45:33,954  - ==================================
17:45:33,955  - первый проход начался
17:45:33,957  - анализ строки: MACRO M [ x ]
17:45:34,360  - начало определения макроса .M
17:45:36,144  - анализ аргументов: 'x'
17:45:36,145  - добавляем строку:   SET size 5  
17:45:36,328  - добавляем строку:   print [ $size ]
17:45:36,472  - добавляем строку:   WHILE [ $x == size ]
17:45:36,624  - добавляем строку:     DEC x
17:45:36,768  - добавляем строку:     print [ x ]
17:45:36,952  - добавляем строку:     IF [ $x == size ]
17:45:37,096  - добавляем строку: 	ololo
17:45:37,272  - добавляем строку:     ENDIF
17:45:37,426  - добавляем строку:   ENDW
17:45:37,576  - начало обработки вложенного макроса
17:45:37,577  - начало определения макроса .M.print
17:45:37,720  - анализ аргументов: 'arg'
17:45:37,721  - добавляем строку:     prints $arg
17:45:37,896  - добавлен новый макрос: .M.print
17:45:38,048  - добавляем строку:   GOTO Metka
17:45:38,224  - добавляем строку: // skip this invalid code..
17:45:38,376  - добавляем строку:   .Metka: end
17:45:38,520  - метка .Metka: добавлена
17:45:38,704  - добавлен новый макрос: .M
17:45:39,056  - анализ строки: MEND
17:45:39,208  - пропускаем строку: MEND
17:45:39,416  - анализ строки: MACRO m []
17:45:39,592  - начало определения макроса .m
17:45:39,744  - анализ аргументов: ''
17:45:39,747  - добавляем строку:  L1: qwe
17:45:39,921  - добавляем строку:  add L1
17:45:40,064  - добавлен новый макрос: .m
17:45:40,456  - анализ строки: MEND
17:45:40,632  - пропускаем строку: MEND
17:45:40,784  - анализ строки: M [ 10 ]
17:45:40,960  - пропускаем строку: M [ 10 ]
17:45:41,136  - первый проход закончился
17:45:41,148  - ==================================
17:45:41,159  -    SECOND SCAN
17:45:41,161  - ==================================
17:45:41,312  - начало 2го прохода
17:45:41,315  - анализ строки: MACRO M [ x ]
17:45:41,520  - пропуск макроопределения...
17:45:41,523  - пропуск макроопределения...
17:45:41,528  - анализ строки: MACRO m []
17:45:41,707  - пропуск макроопределения...
17:45:41,710  - анализ строки: M [ 10 ]
17:45:41,912  - начало макроподстановки: .M
17:45:42,123  - обработка строки:   SET size 5  
17:45:42,127  - SET: устанавливаем значение '5' переменной size
17:45:43,632  - обработка строки:   print [ $size ]
17:45:43,635  - начало макроподстановки: .M.print
17:45:43,840  - обработка строки:     prints $arg
17:45:43,848  - пишем строку: prints 5
17:45:44,050  - обработка строки:   WHILE [ $x == size ]
17:45:44,053  - обработка команды WHILE
17:45:44,259  - пропуcк блока WHILE - выражение в скобках неверно
17:45:44,584  - обработка строки:   GOTO Metka
17:45:44,587  - обработка команды GOTO на метку 'Metka'
17:45:44,794  - обработка строки:   .Metka: end
17:45:44,797  - пишем строку: .Metka: end
17:45:45,056  - 2й проход закончился
17:45:45,063  - 

 OUT:

 prints 5
 end

17:45:45,071  - 
== END ==
17:48:33,930  - ==================================
17:48:33,931  -    FIRST SCAN
17:48:33,932  - ==================================
17:48:33,933  - первый проход начался
17:48:33,934  - анализ строки: a1: MACRO M [ x ]
17:48:34,288  - начало определения макроса .M
17:48:34,496  - анализ аргументов: 'x'
17:48:34,497  - добавляем строку:   SET size 5  
17:48:34,672  - добавляем строку:   print [ $size ]
17:48:34,912  - добавляем строку:   WHILE [ $x == size ]
17:48:36,045  - ==================================
17:48:36,046  -    FIRST SCAN
17:48:36,047  - ==================================
17:48:36,049  - первый проход начался
17:48:36,050  - анализ строки: a1: MACRO M [ x ]
17:48:36,816  - начало определения макроса .M
17:48:37,648  - анализ аргументов: 'x'
17:48:37,649  - добавляем строку:   SET size 5  
17:48:37,651  - добавляем строку:   print [ $size ]
17:48:37,653  - добавляем строку:   WHILE [ $x == size ]
17:48:37,655  - добавляем строку:     DEC x
17:48:37,656  - добавляем строку:     print [ x ]
17:48:37,658  - добавляем строку:     IF [ $x == size ]
17:48:37,669  - добавляем строку: 	ololo
17:48:37,670  - добавляем строку:     ENDIF
17:48:37,671  - добавляем строку:   ENDW
17:48:37,673  - начало обработки вложенного макроса
17:48:37,675  - начало определения макроса .M.print
17:48:37,676  - анализ аргументов: 'arg'
17:48:37,698  - добавляем строку:     prints $arg
17:48:37,699  - добавлен новый макрос: .M.print
17:48:37,700  - добавляем строку:   GOTO Metka
17:48:37,701  - добавляем строку: // skip this invalid code..
17:48:37,704  - добавляем строку:   .Metka: end
17:48:37,715  - метка .Metka: добавлена
17:48:37,717  - добавлен новый макрос: .M
17:48:37,719  - анализ строки: MEND
17:48:37,722  - пропускаем строку: MEND
17:48:37,724  - анализ строки: MACRO m []
17:48:37,726  - начало определения макроса .m
17:48:37,728  - анализ аргументов: ''
17:48:37,731  - добавляем строку:  L1: qwe
17:48:37,738  - добавляем строку:  add L1
17:48:37,743  - добавлен новый макрос: .m
17:48:37,744  - анализ строки: MEND
17:48:37,746  - пропускаем строку: MEND
17:48:37,748  - анализ строки: M [ 10 ]
17:48:37,758  - пропускаем строку: M [ 10 ]
17:48:37,772  - первый проход закончился
17:48:37,775  - ==================================
17:48:37,789  -    SECOND SCAN
17:48:37,807  - ==================================
17:48:38,304  - начало 2го прохода
17:48:38,306  - анализ строки: a1: MACRO M [ x ]
17:48:38,309  - пропуск макроопределения...
17:48:38,312  - пропуск макроопределения...
17:48:38,317  - анализ строки: MACRO m []
17:48:38,320  - пропуск макроопределения...
17:48:38,323  - анализ строки: M [ 10 ]
17:48:38,326  - начало макроподстановки: .M
17:48:38,333  - обработка строки:   SET size 5  
17:48:38,335  - SET: устанавливаем значение '5' переменной size
17:48:38,347  - обработка строки:   print [ $size ]
17:48:38,350  - начало макроподстановки: .M.print
17:48:38,353  - обработка строки:     prints $arg
17:48:38,356  - пишем строку: prints 5
17:48:38,359  - обработка строки:   WHILE [ $x == size ]
17:48:38,362  - обработка команды WHILE
17:48:38,364  - пропуcк блока WHILE - выражение в скобках неверно
17:48:38,376  - обработка строки:   GOTO Metka
17:48:38,378  - обработка команды GOTO на метку 'Metka'
17:48:38,394  - обработка строки:   .Metka: end
17:48:38,397  - пишем строку: .Metka: end
17:48:38,410  - 2й проход закончился
17:48:38,413  - 

 OUT:

 prints 5
 end

17:48:38,417  - 
== END ==
17:48:44,962  - ==================================
17:48:44,963  -    FIRST SCAN
17:48:44,964  - ==================================
17:48:44,965  - первый проход начался
17:48:44,967  - анализ строки: MACRO M [ x ]
17:48:45,352  - начало определения макроса .M
17:48:45,889  - анализ аргументов: 'x'
17:48:45,890  - добавляем строку:   SET size 5  
17:48:45,891  - добавляем строку:   print [ $size ]
17:48:45,892  - добавляем строку:   WHILE [ $x == size ]
17:48:45,892  - добавляем строку:     DEC x
17:48:45,893  - добавляем строку:     print [ x ]
17:48:45,893  - добавляем строку:     IF [ $x == size ]
17:48:45,894  - добавляем строку: 	ololo
17:48:45,895  - добавляем строку:     ENDIF
17:48:45,895  - добавляем строку:   ENDW
17:48:45,896  - начало обработки вложенного макроса
17:48:45,896  - начало определения макроса .M.print
17:48:45,897  - анализ аргументов: 'arg'
17:48:45,901  - добавляем строку:     prints $arg
17:48:45,903  - добавлен новый макрос: .M.print
17:48:45,904  - добавляем строку:   GOTO Metka
17:48:45,906  - добавляем строку: // skip this invalid code..
17:48:45,907  - добавляем строку:   .Metka: end
17:48:45,911  - метка .Metka: добавлена
17:48:45,914  - добавлен новый макрос: .M
17:48:45,918  - анализ строки: MEND
17:48:45,923  - пропускаем строку: MEND
17:48:45,925  - анализ строки: MACRO m []
17:48:45,928  - начало определения макроса .m
17:48:45,933  - анализ аргументов: ''
17:48:45,938  - добавляем строку:  L1: qwe
17:48:45,939  - добавляем строку:  add L1
17:48:45,943  - добавлен новый макрос: .m
17:48:45,946  - анализ строки: MEND
17:48:45,949  - пропускаем строку: MEND
17:48:45,953  - анализ строки: M [ 10 ]
17:48:45,955  - пропускаем строку: M [ 10 ]
17:48:45,957  - первый проход закончился
17:48:45,962  - ==================================
17:48:45,965  -    SECOND SCAN
17:48:45,967  - ==================================
17:48:46,040  - начало 2го прохода
17:48:46,042  - анализ строки: MACRO M [ x ]
17:48:46,044  - пропуск макроопределения...
17:48:46,047  - пропуск макроопределения...
17:48:46,049  - анализ строки: MACRO m []
17:48:46,051  - пропуск макроопределения...
17:48:46,058  - анализ строки: M [ 10 ]
17:48:46,066  - начало макроподстановки: .M
17:48:46,071  - обработка строки:   SET size 5  
17:48:46,073  - SET: устанавливаем значение '5' переменной size
17:48:46,079  - обработка строки:   print [ $size ]
17:48:46,093  - начало макроподстановки: .M.print
17:48:46,103  - обработка строки:     prints $arg
17:48:46,114  - пишем строку: prints 5
17:48:46,117  - обработка строки:   WHILE [ $x == size ]
17:48:46,130  - обработка команды WHILE
17:48:46,135  - пропуcк блока WHILE - выражение в скобках неверно
17:48:46,141  - обработка строки:   GOTO Metka
17:48:46,143  - обработка команды GOTO на метку 'Metka'
17:48:46,144  - обработка строки:   .Metka: end
17:48:46,146  - пишем строку: .Metka: end
17:48:46,166  - 2й проход закончился
17:48:46,169  - 

 OUT:

 prints 5
 end

17:48:46,174  - 
== END ==
17:48:58,298  - start
17:49:03,008  - ==================================
17:49:03,010  -    FIRST SCAN
17:49:03,012  - ==================================
17:49:03,013  - первый проход начался
17:49:03,016  - анализ строки: MACRO M [ x ]
17:49:03,513  - начало определения макроса .M
17:49:03,688  - анализ аргументов: 'x'
17:49:03,691  - добавляем строку:   SET size 5  
17:49:03,840  - добавляем строку:   print [ $size ]
17:49:03,984  - добавляем строку:   WHILE [ $x == size ]
17:49:04,160  - добавляем строку:     DEC x
17:49:04,312  - добавляем строку:     print [ x ]
17:49:04,464  - добавляем строку:     IF [ $x == size ]
17:49:04,640  - добавляем строку: 	ololo
17:49:04,848  - добавляем строку:     ENDIF
17:49:05,057  - добавляем строку:   ENDW
17:49:05,265  - начало обработки вложенного макроса
17:49:05,269  - начало определения макроса .M.print
17:49:05,476  - анализ аргументов: 'arg'
17:49:05,487  - добавляем строку:     prints $arg
17:49:05,681  - добавлен новый макрос: .M.print
17:49:05,888  - добавляем строку:   GOTO Metka
17:49:06,097  - добавляем строку: // skip this invalid code..
17:49:06,240  - добавляем строку:   .Metka: end
17:49:06,448  - метка .Metka: добавлена
17:49:06,658  - добавлен новый макрос: .M
17:49:07,138  - анализ строки: MEND
17:49:07,346  - пропускаем строку: MEND
17:49:07,728  - анализ строки: MACRO m []
17:49:07,939  - начало определения макроса .m
17:49:08,148  - анализ аргументов: ''
17:49:08,152  - добавляем строку:  L1: qwe
17:49:08,320  - добавляем строку:  add L1
17:49:08,528  - добавлен новый макрос: .m
17:49:08,920  - анализ строки: MEND
17:49:09,096  - пропускаем строку: MEND
18:06:48,890  - start
18:07:23,204  - start
18:07:28,097  - ==================================
18:07:28,099  -    FIRST SCAN
18:07:28,100  - ==================================
18:07:28,102  - первый проход начался
18:07:28,105  - анализ строки: MACRO M [ x ]
18:07:28,571  - начало определения макроса .M
18:07:29,217  - анализ аргументов: 'x'
18:07:29,220  - добавляем строку:   SET size 5  
18:07:29,337  - добавляем строку:   print [ $size ]
18:07:29,515  - добавляем строку:   WHILE [ $x == size ]
18:07:29,665  - добавляем строку:     DEC x
18:07:29,817  - добавляем строку:     print [ x ]
18:07:29,993  - добавляем строку:     IF [ $x == size ]
18:07:30,137  - добавляем строку: 	ololo
18:07:30,289  - добавляем строку:     ENDIF
18:07:30,441  - добавляем строку:   ENDW
18:07:30,617  - начало обработки вложенного макроса
18:07:30,620  - начало определения макроса .M.print
18:07:30,793  - анализ аргументов: 'arg'
18:07:30,799  - добавляем строку:     prints $arg
18:07:30,945  - добавлен новый макрос: .M.print
18:07:31,121  - добавляем строку:   GOTO Metka
18:07:31,273  - добавляем строку: // skip this invalid code..
18:07:31,449  - добавляем строку:   .Metka: end
18:07:31,593  - метка .Metka: добавлена
18:07:31,777  - добавлен новый макрос: .M
18:07:32,105  - анализ строки: MEND
18:07:32,281  - пропускаем строку: MEND
18:07:32,425  - анализ строки: MACRO m []
18:07:32,610  - начало определения макроса .m
18:07:32,753  - анализ аргументов: ''
18:07:32,763  - добавляем строку:  L1: qwe
18:07:32,929  - добавляем строку:  add L1
18:07:33,113  - добавлен новый макрос: .m
18:07:33,465  - анализ строки: MEND
18:07:33,650  - пропускаем строку: MEND
18:07:33,793  - анализ строки: M [ 10 ]
18:07:33,969  - пропускаем строку: M [ 10 ]
18:07:34,155  - первый проход закончился
18:07:34,159  - ==================================
18:07:34,165  -    SECOND SCAN
18:07:34,187  - ==================================
18:07:34,297  - начало 2го прохода
18:07:34,304  - анализ строки: MACRO M [ x ]
18:07:34,473  - пропуск макроопределения...
18:07:34,479  - пропуск макроопределения...
18:07:34,502  - анализ строки: MACRO m []
18:07:34,657  - пропуск макроопределения...
18:07:34,666  - анализ строки: M [ 10 ]
18:07:34,833  - начало макроподстановки: .M
18:07:34,985  - обработка строки:   SET size 5  
18:07:35,002  - SET: устанавливаем значение '5' переменной size
18:07:35,161  - обработка строки:   print [ $size ]
18:07:35,170  - начало макроподстановки: .M.print
18:07:35,337  - обработка строки:     prints $arg
18:07:35,350  - пишем строку: prints 5
18:07:35,489  - обработка строки:   WHILE [ $x == size ]
18:07:35,497  - обработка команды WHILE
18:07:35,665  - пропуcк блока WHILE - выражение в скобках неверно
18:07:35,817  - обработка строки:   GOTO Metka
18:07:35,827  - обработка команды GOTO на метку 'Metka'
18:07:35,993  - обработка строки:   .Metka: end
18:07:36,035  - пишем строку: .Metka: end
18:07:36,169  - 2й проход закончился
18:07:36,174  - 

 OUT:

 prints 5
 end

18:07:36,187  - 
== END ==
18:07:38,282  - ==================================
18:07:38,283  -    FIRST SCAN
18:07:38,284  - ==================================
18:07:38,286  - первый проход начался
18:07:38,287  - анализ строки: MACRO M [ x ]
18:07:38,729  - начало определения макроса .M
18:07:39,113  - анализ аргументов: 'x'
18:07:39,114  - добавляем строку:   SET size 5  
18:07:39,265  - добавляем строку:   print [ $size ]
18:07:39,737  - добавляем строку:   WHILE [ $x == size ]
18:07:40,185  - добавляем строку:     DEC x
18:07:40,569  - добавляем строку:     print [ x ]
18:07:40,953  - добавляем строку:     IF [ $x == size ]
18:07:41,489  - добавляем строку: 	ololo
18:07:42,441  - добавляем строку:     ENDIF
18:07:43,241  - добавляем строку:   ENDW
18:07:43,929  - начало обработки вложенного макроса
18:07:43,931  - начало определения макроса .M.print
18:07:45,977  - анализ аргументов: 'arg'
18:07:45,980  - добавляем строку:     prints $arg
18:07:46,273  - добавлен новый макрос: .M.print
18:07:46,513  - добавляем строку:   GOTO Metka
18:07:46,689  - добавляем строку: // skip this invalid code..
18:07:46,897  - добавляем строку:   .Metka: end
18:07:47,073  - метка .Metka: добавлена
18:07:47,257  - добавлен новый макрос: .M
18:07:47,761  - анализ строки: MEND
18:07:47,939  - пропускаем строку: MEND
18:07:48,209  - анализ строки: MACRO m []
18:07:48,473  - начало определения макроса .m
18:07:48,713  - анализ аргументов: ''
18:07:48,716  - добавляем строку:  L1: qwe
18:07:48,921  - добавляем строку:  add L1
18:07:49,097  - добавлен новый макрос: .m
18:07:49,481  - анализ строки: MEND
18:07:49,657  - пропускаем строку: MEND
18:07:49,842  - анализ строки: M [ 10 ]
18:07:50,073  - пропускаем строку: M [ 10 ]
18:07:50,313  - первый проход закончился
18:07:50,321  - ==================================
18:07:50,329  -    SECOND SCAN
18:07:50,338  - ==================================
18:07:50,587  - начало 2го прохода
18:07:50,592  - анализ строки: MACRO M [ x ]
18:07:50,761  - пропуск макроопределения...
18:07:50,765  - пропуск макроопределения...
18:07:50,770  - анализ строки: MACRO m []
18:07:51,025  - пропуск макроопределения...
18:07:51,028  - анализ строки: M [ 10 ]
18:07:51,473  - начало макроподстановки: .M
18:07:51,649  - обработка строки:   SET size 5  
18:07:51,664  - SET: устанавливаем значение '5' переменной size
18:07:51,833  - обработка строки:   print [ $size ]
18:07:51,837  - начало макроподстановки: .M.print
18:07:52,043  - обработка строки:     prints $arg
18:07:52,046  - пишем строку: prints 5
18:07:52,249  - обработка строки:   WHILE [ $x == size ]
18:07:52,254  - обработка команды WHILE
18:08:14,963  - start
18:48:29,201  - start
18:48:35,709  - ==================================
18:48:35,711  -    FIRST SCAN
18:48:35,712  - ==================================
18:48:35,714  - первый проход начался
18:48:35,717  - анализ строки: MACRO M [ x ]
18:48:36,187  - начало определения макроса .M
18:48:36,394  - анализ аргументов: 'x'
18:48:36,397  - добавляем строку в макрос:   SET size 5  
18:48:36,573  - добавляем строку в макрос:   print [ $size ]
18:48:36,722  - добавляем строку в макрос:   WHILE [ $x == size ]
18:48:36,898  - добавляем строку в макрос:     DEC x
18:48:37,050  - добавляем строку в макрос:     print [ x ]
18:48:37,226  - добавляем строку в макрос:     IF [ $x == size ]
18:48:37,370  - добавляем строку в макрос: 	ololo
18:48:37,554  - добавляем строку в макрос:     ENDIF
18:48:37,730  - добавляем строку в макрос:   ENDW
18:48:37,882  - начало обработки вложенного макроса
18:48:37,885  - начало определения макроса .M.print
18:48:38,058  - анализ аргументов: 'arg'
18:48:38,065  - добавляем строку в макрос:     prints $arg
18:48:38,234  - добавлен новый макрос: .M.print
18:48:38,386  - добавляем строку в макрос:   GOTO Metka
18:48:38,530  - добавляем строку в макрос: // skip this invalid code..
18:48:38,714  - добавляем строку в макрос:   .Metka: end
18:48:38,892  - метка .Metka: добавлена
18:48:39,066  - добавлен новый макрос: .M
18:48:39,426  - анализ строки: MEND
18:48:39,634  - пропускаем строку: MEND
18:48:39,778  - анализ строки: MACRO m []
18:48:39,954  - начало определения макроса .m
18:48:40,138  - анализ аргументов: ''
18:48:40,143  - добавляем строку в макрос:  L1: qwe
18:48:40,314  - добавляем строку в макрос:  add L1
18:48:40,490  - добавлен новый макрос: .m
18:48:40,850  - анализ строки: MEND
18:48:41,026  - пропускаем строку: MEND
18:48:41,202  - анализ строки: M [ 10 ]
18:48:41,386  - пропускаем строку: M [ 10 ]
18:48:41,562  - первый проход закончился
18:48:41,572  - ==================================
18:48:41,575  -    SECOND SCAN
18:48:41,579  - ==================================
18:48:41,738  - начало 2го прохода
18:48:41,744  - анализ строки: MACRO M [ x ]
18:48:41,924  - пропуск макроопределения...
18:48:41,928  - пропуск макроопределения...
18:48:41,948  - анализ строки: MACRO m []
18:48:42,098  - пропуск макроопределения...
18:48:42,104  - анализ строки: M [ 10 ]
18:48:42,274  - начало макроподстановки: .M
18:48:42,450  - обработка строки:   SET size 5  
18:48:42,456  - SET: устанавливаем значение '5' переменной size
18:48:42,634  - обработка строки:   print [ $size ]
18:48:42,640  - начало макроподстановки: .M.print
18:48:42,810  - обработка строки:     prints $arg
18:48:42,823  - пишем строку: prints 5
18:48:42,964  - обработка строки:   WHILE [ $x == size ]
18:48:42,970  - обработка команды WHILE
18:48:43,139  - пропуcк блока WHILE - выражение в скобках неверно
18:48:43,282  - обработка строки:   GOTO Metka
18:48:43,288  - обработка команды GOTO на метку 'Metka'
18:48:43,466  - обработка строки:   .Metka: end
18:48:43,473  - пишем строку: .Metka: end
18:48:43,642  - 2й проход закончился
18:48:43,658  - 

 OUT:

 prints 5
 end

18:48:43,672  - 
== END ==
18:49:00,270  - ==================================
18:49:00,271  -    FIRST SCAN
18:49:00,272  - ==================================
18:49:00,274  - первый проход начался
18:49:00,275  - анализ строки: MACRO M [ x ]
18:49:00,714  - начало определения макроса .M
18:49:01,250  - анализ аргументов: 'x'
18:49:01,252  - добавляем строку в макрос:   SET size 5  
18:49:01,253  - добавляем строку в макрос:   print [ $size ]
18:49:01,256  - добавляем строку в макрос:   WHILE [ $x == size ]
18:49:01,258  - добавляем строку в макрос:     DEC x
18:49:01,260  - добавляем строку в макрос:     print [ x ]
18:49:01,265  - добавляем строку в макрос:     IF [ $x > size ]
18:49:01,269  - добавляем строку в макрос: 	ololo
18:49:01,273  - добавляем строку в макрос:     ENDIF
18:49:01,283  - добавляем строку в макрос:   ENDW
18:49:01,289  - начало обработки вложенного макроса
18:49:01,291  - начало определения макроса .M.print
18:49:01,294  - анализ аргументов: 'arg'
18:49:01,297  - добавляем строку в макрос:     prints $arg
18:49:01,300  - добавлен новый макрос: .M.print
18:49:01,310  - добавляем строку в макрос:   GOTO Metka
18:49:01,314  - добавляем строку в макрос: // skip this invalid code..
18:49:01,317  - добавляем строку в макрос:   .Metka: end
18:49:01,321  - метка .Metka: добавлена
18:49:01,323  - добавлен новый макрос: .M
18:49:01,326  - анализ строки: MEND
18:49:01,331  - пропускаем строку: MEND
18:49:01,333  - анализ строки: MACRO m []
18:49:01,349  - начало определения макроса .m
18:49:01,352  - анализ аргументов: ''
18:49:01,365  - добавляем строку в макрос:  L1: qwe
18:49:01,368  - добавляем строку в макрос:  add L1
18:49:01,387  - добавлен новый макрос: .m
18:49:01,402  - анализ строки: MEND
18:49:01,406  - пропускаем строку: MEND
18:49:01,411  - анализ строки: M [ 10 ]
18:49:01,414  - пропускаем строку: M [ 10 ]
18:49:01,419  - первый проход закончился
18:49:01,437  - ==================================
18:49:01,441  -    SECOND SCAN
18:49:01,446  - ==================================
18:49:02,146  - начало 2го прохода
18:49:02,150  - анализ строки: MACRO M [ x ]
18:49:02,154  - пропуск макроопределения...
18:49:02,183  - пропуск макроопределения...
18:49:02,197  - анализ строки: MACRO m []
18:49:02,201  - пропуск макроопределения...
18:49:02,216  - анализ строки: M [ 10 ]
18:49:02,222  - начало макроподстановки: .M
18:49:02,235  - обработка строки:   SET size 5  
18:49:02,239  - SET: устанавливаем значение '5' переменной size
18:49:02,261  - обработка строки:   print [ $size ]
18:49:02,265  - начало макроподстановки: .M.print
18:49:02,271  - обработка строки:     prints $arg
18:49:02,292  - пишем строку: prints 5
18:49:02,297  - обработка строки:   WHILE [ $x == size ]
18:49:02,315  - обработка команды WHILE
18:49:02,319  - пропуcк блока WHILE - выражение в скобках неверно
18:49:02,330  - обработка строки:   GOTO Metka
18:49:02,334  - обработка команды GOTO на метку 'Metka'
18:49:02,358  - обработка строки:   .Metka: end
18:49:02,364  - пишем строку: .Metka: end
18:49:02,385  - 2й проход закончился
18:49:02,397  - 

 OUT:

 prints 5
 end

18:49:02,414  - 
== END ==
18:49:27,116  - ==================================
18:49:27,117  -    FIRST SCAN
18:49:27,118  - ==================================
18:49:27,120  - первый проход начался
18:49:27,121  - анализ строки: MACRO M [ x ]
18:49:27,554  - начало определения макроса .M
18:49:28,602  - анализ аргументов: 'x'
18:49:28,612  - добавляем строку в макрос:   SET size 5  
18:49:28,754  - добавляем строку в макрос:   print [ $size ]
18:49:28,904  - добавляем строку в макрос:   WHILE [ $x < size ]
18:49:29,170  - добавляем строку в макрос:     DEC x
18:49:29,346  - добавляем строку в макрос:     print [ x ]
18:49:29,522  - добавляем строку в макрос:     IF [ $x == size ]
18:49:29,674  - добавляем строку в макрос: 	ololo
18:49:29,882  - добавляем строку в макрос:     ENDIF
18:49:30,058  - добавляем строку в макрос:   ENDW
18:49:30,210  - начало обработки вложенного макроса
18:49:30,211  - начало определения макроса .M.print
18:49:30,418  - анализ аргументов: 'arg'
18:49:30,419  - добавляем строку в макрос:     prints $arg
18:49:30,978  - добавлен новый макрос: .M.print
18:49:30,979  - добавляем строку в макрос:   GOTO Metka
18:49:30,981  - добавляем строку в макрос: // skip this invalid code..
18:49:30,983  - добавляем строку в макрос:   .Metka: end
18:49:30,985  - метка .Metka: добавлена
18:49:30,987  - добавлен новый макрос: .M
18:49:30,988  - анализ строки: MEND
18:49:30,990  - пропускаем строку: MEND
18:49:31,003  - анализ строки: MACRO m []
18:49:31,029  - начало определения макроса .m
18:49:31,031  - анализ аргументов: ''
18:49:31,033  - добавляем строку в макрос:  L1: qwe
18:49:31,035  - добавляем строку в макрос:  add L1
18:49:31,044  - добавлен новый макрос: .m
18:49:31,057  - анализ строки: MEND
18:49:31,059  - пропускаем строку: MEND
18:49:31,060  - анализ строки: M [ 10 ]
18:49:31,061  - пропускаем строку: M [ 10 ]
18:49:31,068  - первый проход закончился
18:49:31,083  - ==================================
18:49:31,085  -    SECOND SCAN
18:49:31,088  - ==================================
18:49:31,964  - начало 2го прохода
18:49:31,966  - анализ строки: MACRO M [ x ]
18:49:31,968  - пропуск макроопределения...
18:49:31,969  - пропуск макроопределения...
18:49:31,972  - анализ строки: MACRO m []
18:49:31,974  - пропуск макроопределения...
18:49:31,976  - анализ строки: M [ 10 ]
18:49:31,982  - начало макроподстановки: .M
18:49:31,985  - обработка строки:   SET size 5  
18:49:31,988  - SET: устанавливаем значение '5' переменной size
18:49:31,991  - обработка строки:   print [ $size ]
18:49:31,993  - начало макроподстановки: .M.print
18:49:31,996  - обработка строки:     prints $arg
18:49:31,999  - пишем строку: prints 5
18:49:32,016  - обработка строки:   WHILE [ $x < size ]
18:49:32,019  - обработка команды WHILE
18:49:32,021  - ОШИБКА! you cant compare strings with '<'
18:50:55,461  - start
18:50:59,327  - ==================================
18:50:59,329  -    FIRST SCAN
18:50:59,330  - ==================================
18:50:59,331  - первый проход начался
18:50:59,335  - анализ строки: MACRO M [ x ]
18:50:59,923  - начало определения макроса .M
18:51:00,370  - анализ аргументов: 'x'
18:51:00,374  - добавляем строку в макрос:   SET size 5  
18:51:00,906  - добавляем строку в макрос:   print [ $size ]
18:51:00,908  - добавляем строку в макрос:   WHILE [ $x < size ]
18:51:00,916  - добавляем строку в макрос:     DEC x
18:51:00,934  - добавляем строку в макрос:     print [ x ]
18:51:00,948  - добавляем строку в макрос:     IF [ $x == size ]
18:51:00,950  - добавляем строку в макрос: 	ololo
18:51:00,953  - добавляем строку в макрос:     ENDIF
18:51:00,955  - добавляем строку в макрос:   ENDW
18:51:00,977  - начало обработки вложенного макроса
18:51:00,982  - начало определения макроса .M.print
18:51:00,987  - анализ аргументов: 'arg'
18:51:00,995  - добавляем строку в макрос:     prints $arg
18:51:01,011  - добавлен новый макрос: .M.print
18:51:01,015  - добавляем строку в макрос:   GOTO Metka
18:51:01,024  - добавляем строку в макрос: // skip this invalid code..
18:51:01,035  - добавляем строку в макрос:   .Metka: end
18:51:01,048  - метка .Metka: добавлена
18:51:01,057  - добавлен новый макрос: .M
18:51:01,078  - анализ строки: MEND
18:51:01,082  - пропускаем строку: MEND
18:51:01,102  - анализ строки: MACRO m []
18:51:01,105  - начало определения макроса .m
18:51:01,128  - анализ аргументов: ''
18:51:01,132  - добавляем строку в макрос:  L1: qwe
18:51:01,150  - добавляем строку в макрос:  add L1
18:51:01,157  - добавлен новый макрос: .m
18:51:01,177  - анализ строки: MEND
18:51:01,182  - пропускаем строку: MEND
18:51:01,195  - анализ строки: M [ 10 ]
18:51:01,200  - пропускаем строку: M [ 10 ]
18:51:01,215  - первый проход закончился
18:51:01,233  - ==================================
18:51:01,238  -    SECOND SCAN
18:51:01,260  - ==================================
18:51:01,418  - начало 2го прохода
18:51:01,425  - анализ строки: MACRO M [ x ]
18:51:01,431  - пропуск макроопределения...
18:51:01,451  - пропуск макроопределения...
18:51:01,465  - анализ строки: MACRO m []
18:51:01,497  - пропуск макроопределения...
18:51:01,513  - анализ строки: M [ 10 ]
18:51:01,528  - начало макроподстановки: .M
18:51:01,538  - обработка строки:   SET size 5  
18:51:01,564  - SET: устанавливаем значение '5' переменной size
18:51:01,579  - обработка строки:   print [ $size ]
18:51:01,605  - начало макроподстановки: .M.print
18:51:01,615  - обработка строки:     prints $arg
18:51:01,659  - пишем строку: prints 5
18:51:01,664  - обработка строки:   WHILE [ $x < size ]
18:51:01,680  - обработка команды WHILE
18:51:01,695  - ОШИБКА! you cant compare strings with '<'
18:52:44,527  - start
18:52:49,726  - ==================================
18:52:49,728  -    FIRST SCAN
18:52:49,730  - ==================================
18:52:49,731  - первый проход начался
18:52:49,735  - анализ строки: MACRO M [ x ]
18:52:50,164  - начало определения макроса .M
18:52:50,938  - анализ аргументов: 'x'
18:52:50,941  - добавляем строку в макрос:   SET size 5  
18:52:50,944  - добавляем строку в макрос:   print [ $size ]
18:52:50,947  - добавляем строку в макрос:   WHILE [ $x < size ]
18:52:50,949  - добавляем строку в макрос:     DEC x
18:52:50,952  - добавляем строку в макрос:     print [ x ]
18:52:50,955  - добавляем строку в макрос:     IF [ $x == size ]
18:52:50,961  - добавляем строку в макрос: 	ololo
18:52:50,971  - добавляем строку в макрос:     ENDIF
18:52:50,995  - добавляем строку в макрос:   ENDW
18:52:50,998  - начало обработки вложенного макроса
18:52:51,002  - начало определения макроса .M.print
18:52:51,019  - анализ аргументов: 'arg'
18:52:51,023  - добавляем строку в макрос:     prints $arg
18:52:51,031  - добавлен новый макрос: .M.print
18:52:51,050  - добавляем строку в макрос:   GOTO Metka
18:52:51,065  - добавляем строку в макрос: // skip this invalid code..
18:52:51,073  - добавляем строку в макрос:   .Metka: end
18:52:51,082  - метка .Metka: добавлена
18:52:51,093  - добавлен новый макрос: .M
18:52:51,097  - анализ строки: MEND
18:52:51,114  - пропускаем строку: MEND
18:52:51,118  - анализ строки: MACRO m []
18:52:51,131  - начало определения макроса .m
18:52:51,135  - анализ аргументов: ''
18:52:51,178  - добавляем строку в макрос:  L1: qwe
18:52:51,198  - добавляем строку в макрос:  add L1
18:52:51,222  - добавлен новый макрос: .m
18:52:51,251  - анализ строки: MEND
18:52:51,278  - пропускаем строку: MEND
18:52:51,305  - анализ строки: M [ 10 ]
18:52:51,310  - пропускаем строку: M [ 10 ]
18:52:51,348  - первый проход закончился
18:52:51,353  - ==================================
18:52:51,399  -    SECOND SCAN
18:52:51,418  - ==================================
18:52:52,306  - начало 2го прохода
18:52:52,312  - анализ строки: MACRO M [ x ]
18:52:52,335  - пропуск макроопределения...
18:52:52,344  - пропуск макроопределения...
18:52:52,361  - анализ строки: MACRO m []
18:52:52,375  - пропуск макроопределения...
18:52:52,384  - анализ строки: M [ 10 ]
18:52:52,400  - начало макроподстановки: .M
18:52:52,405  - обработка строки:   SET size 5  
18:52:52,438  - SET: устанавливаем значение '5' переменной size
18:52:52,472  - обработка строки:   print [ $size ]
18:52:52,491  - начало макроподстановки: .M.print
18:52:52,522  - обработка строки:     prints $arg
18:52:52,534  - пишем строку: prints 5
18:52:52,540  - обработка строки:   WHILE [ $x < size ]
18:52:52,565  - обработка команды WHILE
18:53:09,764  - start
18:53:18,341  - ==================================
18:53:18,343  -    FIRST SCAN
18:53:18,345  - ==================================
18:53:18,346  - первый проход начался
18:53:18,350  - анализ строки: MACRO M [ x ]
18:53:18,852  - начало определения макроса .M
18:53:19,170  - анализ аргументов: 'x'
18:53:19,173  - добавляем строку в макрос:   SET size 5  
18:53:19,354  - добавляем строку в макрос:   print [ $size ]
18:53:19,795  - добавляем строку в макрос:   WHILE [ $x < $size ]
18:53:19,946  - добавляем строку в макрос:     DEC x
18:53:20,122  - добавляем строку в макрос:     print [ x ]
18:53:20,306  - добавляем строку в макрос:     IF [ $x == size ]
18:53:21,138  - добавляем строку в макрос: 	ololo
18:53:21,142  - добавляем строку в макрос:     ENDIF
18:53:21,144  - добавляем строку в макрос:   ENDW
18:53:21,147  - начало обработки вложенного макроса
18:53:21,155  - начало определения макроса .M.print
18:53:21,158  - анализ аргументов: 'arg'
18:53:21,162  - добавляем строку в макрос:     prints $arg
18:53:21,185  - добавлен новый макрос: .M.print
18:53:21,196  - добавляем строку в макрос:   GOTO Metka
18:53:21,200  - добавляем строку в макрос: // skip this invalid code..
18:53:21,203  - добавляем строку в макрос:   .Metka: end
18:53:21,218  - метка .Metka: добавлена
18:53:21,222  - добавлен новый макрос: .M
18:53:21,225  - анализ строки: MEND
18:53:21,250  - пропускаем строку: MEND
18:53:21,254  - анализ строки: MACRO m []
18:53:21,258  - начало определения макроса .m
18:53:21,262  - анализ аргументов: ''
18:53:21,274  - добавляем строку в макрос:  L1: qwe
18:53:21,278  - добавляем строку в макрос:  add L1
18:53:21,300  - добавлен новый макрос: .m
18:53:21,304  - анализ строки: MEND
18:53:21,318  - пропускаем строку: MEND
18:53:21,325  - анализ строки: M [ 10 ]
18:53:21,340  - пропускаем строку: M [ 10 ]
18:53:21,353  - первый проход закончился
18:53:21,370  - ==================================
18:53:21,377  -    SECOND SCAN
18:53:21,381  - ==================================
18:53:22,682  - начало 2го прохода
18:53:22,690  - анализ строки: MACRO M [ x ]
18:53:22,710  - пропуск макроопределения...
18:53:22,725  - пропуск макроопределения...
18:53:22,746  - анализ строки: MACRO m []
18:53:22,764  - пропуск макроопределения...
18:53:22,777  - анализ строки: M [ 10 ]
18:53:22,796  - начало макроподстановки: .M
18:53:22,801  - обработка строки:   SET size 5  
18:53:22,813  - SET: устанавливаем значение '5' переменной size
18:53:22,818  - обработка строки:   print [ $size ]
18:53:22,836  - начало макроподстановки: .M.print
18:53:22,841  - обработка строки:     prints $arg
18:53:22,862  - пишем строку: prints 5
18:53:22,867  - обработка строки:   WHILE [ $x < $size ]
18:53:22,906  - обработка команды WHILE
18:53:22,917  - пропуcк блока WHILE - выражение в скобках неверно
18:53:22,929  - обработка строки:   GOTO Metka
18:53:22,955  - обработка команды GOTO на метку 'Metka'
18:53:22,967  - обработка строки:   .Metka: end
18:53:22,981  - пишем строку: .Metka: end
18:53:23,001  - 2й проход закончился
18:53:23,009  - 

 OUT:

 prints 5
 end

18:53:23,016  - 
== END ==
18:53:31,846  - ==================================
18:53:31,847  -    FIRST SCAN
18:53:31,848  - ==================================
18:53:31,849  - первый проход начался
18:53:31,850  - анализ строки: MACRO M [ x ]
18:53:32,170  - начало определения макроса .M
18:53:32,762  - анализ аргументов: 'x'
18:53:32,764  - добавляем строку в макрос:   SET size 5  
18:53:32,767  - добавляем строку в макрос:   print [ $size ]
18:53:32,769  - добавляем строку в макрос:   WHILE [ $x > $size ]
18:53:32,771  - добавляем строку в макрос:     DEC x
18:53:32,774  - добавляем строку в макрос:     print [ x ]
18:53:32,776  - добавляем строку в макрос:     IF [ $x == size ]
18:53:32,778  - добавляем строку в макрос: 	ololo
18:53:32,782  - добавляем строку в макрос:     ENDIF
18:53:32,785  - добавляем строку в макрос:   ENDW
18:53:32,789  - начало обработки вложенного макроса
18:53:32,791  - начало определения макроса .M.print
18:53:32,795  - анализ аргументов: 'arg'
18:53:32,798  - добавляем строку в макрос:     prints $arg
18:53:32,801  - добавлен новый макрос: .M.print
18:53:32,804  - добавляем строку в макрос:   GOTO Metka
18:53:32,819  - добавляем строку в макрос: // skip this invalid code..
18:53:32,822  - добавляем строку в макрос:   .Metka: end
18:53:32,824  - метка .Metka: добавлена
18:53:32,826  - добавлен новый макрос: .M
18:53:32,830  - анализ строки: MEND
18:53:32,835  - пропускаем строку: MEND
18:53:32,837  - анализ строки: MACRO m []
18:53:32,841  - начало определения макроса .m
18:53:32,855  - анализ аргументов: ''
18:53:32,865  - добавляем строку в макрос:  L1: qwe
18:53:32,869  - добавляем строку в макрос:  add L1
18:53:32,880  - добавлен новый макрос: .m
18:53:32,884  - анализ строки: MEND
18:53:32,886  - пропускаем строку: MEND
18:53:32,889  - анализ строки: M [ 10 ]
18:53:32,893  - пропускаем строку: M [ 10 ]
18:53:32,896  - первый проход закончился
18:53:32,924  - ==================================
18:53:32,927  -    SECOND SCAN
18:53:32,931  - ==================================
18:53:33,778  - начало 2го прохода
18:53:33,782  - анализ строки: MACRO M [ x ]
18:53:33,796  - пропуск макроопределения...
18:53:33,811  - пропуск макроопределения...
18:53:33,817  - анализ строки: MACRO m []
18:53:33,824  - пропуск макроопределения...
18:53:33,831  - анализ строки: M [ 10 ]
18:53:33,836  - начало макроподстановки: .M
18:53:33,840  - обработка строки:   SET size 5  
18:53:33,846  - SET: устанавливаем значение '5' переменной size
18:53:33,854  - обработка строки:   print [ $size ]
18:53:33,859  - начало макроподстановки: .M.print
18:53:33,865  - обработка строки:     prints $arg
18:53:33,878  - пишем строку: prints 5
18:53:33,885  - обработка строки:   WHILE [ $x > $size ]
18:53:33,891  - обработка команды WHILE
18:53:33,895  - INC/DEC : устанавливаем  переменную'x' (-1)
18:53:33,906  - SET: устанавливаем значение '9' переменной x
18:53:33,934  - начало макроподстановки: .M.print
18:53:33,949  - обработка строки:     prints $arg
18:53:33,953  - пишем строку: prints x
18:53:33,967  - конец итерации WHILE
18:53:33,971  - обработка строки:   WHILE [ $x > $size ]
18:53:33,976  - обработка команды WHILE
18:53:33,994  - INC/DEC : устанавливаем  переменную'x' (-1)
18:53:34,028  - SET: устанавливаем значение '8' переменной x
18:53:34,042  - начало макроподстановки: .M.print
18:53:34,059  - обработка строки:     prints $arg
18:53:34,064  - пишем строку: prints x
18:53:34,091  - конец итерации WHILE
18:53:34,103  - обработка строки:   WHILE [ $x > $size ]
18:53:34,123  - обработка команды WHILE
18:53:34,146  - INC/DEC : устанавливаем  переменную'x' (-1)
18:53:34,150  - SET: устанавливаем значение '7' переменной x
18:53:34,162  - начало макроподстановки: .M.print
18:53:34,170  - обработка строки:     prints $arg
18:53:34,181  - пишем строку: prints x
18:53:34,195  - конец итерации WHILE
18:53:34,210  - обработка строки:   WHILE [ $x > $size ]
18:53:34,228  - обработка команды WHILE
18:53:34,246  - INC/DEC : устанавливаем  переменную'x' (-1)
18:53:34,255  - SET: устанавливаем значение '6' переменной x
18:53:34,274  - начало макроподстановки: .M.print
18:53:34,279  - обработка строки:     prints $arg
18:53:34,298  - пишем строку: prints x
18:53:34,303  - конец итерации WHILE
18:53:34,308  - обработка строки:   WHILE [ $x > $size ]
18:53:34,326  - обработка команды WHILE
18:53:34,332  - INC/DEC : устанавливаем  переменную'x' (-1)
18:53:34,350  - SET: устанавливаем значение '5' переменной x
18:53:34,355  - начало макроподстановки: .M.print
18:53:34,360  - обработка строки:     prints $arg
18:53:34,378  - пишем строку: prints x
18:53:34,384  - конец итерации WHILE
18:53:34,396  - обработка строки:   WHILE [ $x > $size ]
18:53:34,433  - обработка команды WHILE
18:53:34,440  - пропуcк блока WHILE - выражение в скобках неверно
18:53:34,451  - обработка строки:   GOTO Metka
18:53:34,455  - обработка команды GOTO на метку 'Metka'
18:53:34,468  - обработка строки:   .Metka: end
18:53:34,477  - пишем строку: .Metka: end
18:53:34,482  - 2й проход закончился
18:53:34,494  - 

 OUT:

 prints 5
 prints x
 prints x
 prints x
 prints x
 prints x
 end

18:53:34,505  - 
== END ==
18:53:42,647  - ==================================
18:53:42,648  -    FIRST SCAN
18:53:42,651  - ==================================
18:53:42,652  - первый проход начался
18:53:42,653  - анализ строки: MACRO M [ x ]
18:53:43,146  - начало определения макроса .M
18:53:43,770  - анализ аргументов: 'x'
18:53:43,772  - добавляем строку в макрос:   SET size 5  
18:53:43,773  - добавляем строку в макрос:   print [ $size ]
18:53:43,775  - добавляем строку в макрос:   WHILE [ $x > $size ]
18:53:43,776  - добавляем строку в макрос:     DEC x
18:53:43,777  - добавляем строку в макрос:     print [ $x ]
18:53:43,778  - добавляем строку в макрос:     IF [ $x == size ]
18:53:43,779  - добавляем строку в макрос: 	ololo
18:53:43,780  - добавляем строку в макрос:     ENDIF
18:53:43,785  - добавляем строку в макрос:   ENDW
18:53:43,795  - начало обработки вложенного макроса
18:53:43,800  - начало определения макроса .M.print
18:53:43,805  - анализ аргументов: 'arg'
18:53:43,806  - добавляем строку в макрос:     prints $arg
18:53:43,808  - добавлен новый макрос: .M.print
18:53:43,809  - добавляем строку в макрос:   GOTO Metka
18:53:43,811  - добавляем строку в макрос: // skip this invalid code..
18:53:43,812  - добавляем строку в макрос:   .Metka: end
18:53:43,814  - метка .Metka: добавлена
18:53:43,816  - добавлен новый макрос: .M
18:53:43,818  - анализ строки: MEND
18:53:43,819  - пропускаем строку: MEND
18:53:43,820  - анализ строки: MACRO m []
18:53:43,822  - начало определения макроса .m
18:53:43,827  - анализ аргументов: ''
18:53:43,830  - добавляем строку в макрос:  L1: qwe
18:53:43,835  - добавляем строку в макрос:  add L1
18:53:43,837  - добавлен новый макрос: .m
18:53:43,839  - анализ строки: MEND
18:53:43,841  - пропускаем строку: MEND
18:53:43,843  - анализ строки: M [ 10 ]
18:53:43,845  - пропускаем строку: M [ 10 ]
18:53:43,846  - первый проход закончился
18:53:43,849  - ==================================
18:53:43,853  -    SECOND SCAN
18:53:43,854  - ==================================
18:53:44,690  - начало 2го прохода
18:53:44,692  - анализ строки: MACRO M [ x ]
18:53:44,694  - пропуск макроопределения...
18:53:44,697  - пропуск макроопределения...
18:53:44,711  - анализ строки: MACRO m []
18:53:44,713  - пропуск макроопределения...
18:53:44,723  - анализ строки: M [ 10 ]
18:53:44,725  - начало макроподстановки: .M
18:53:44,748  - обработка строки:   SET size 5  
18:53:44,750  - SET: устанавливаем значение '5' переменной size
18:53:44,753  - обработка строки:   print [ $size ]
18:53:44,756  - начало макроподстановки: .M.print
18:53:44,766  - обработка строки:     prints $arg
18:53:44,770  - пишем строку: prints 5
18:53:44,773  - обработка строки:   WHILE [ $x > $size ]
18:53:44,776  - обработка команды WHILE
18:53:44,780  - INC/DEC : устанавливаем  переменную'x' (-1)
18:53:44,787  - SET: устанавливаем значение '9' переменной x
18:53:44,792  - начало макроподстановки: .M.print
18:53:44,822  - обработка строки:     prints $arg
18:53:44,830  - пишем строку: prints 9
18:53:44,841  - конец итерации WHILE
18:53:44,843  - обработка строки:   WHILE [ $x > $size ]
18:53:44,846  - обработка команды WHILE
18:53:44,850  - INC/DEC : устанавливаем  переменную'x' (-1)
18:53:44,853  - SET: устанавливаем значение '8' переменной x
18:53:44,855  - начало макроподстановки: .M.print
18:53:44,860  - обработка строки:     prints $arg
18:53:44,862  - пишем строку: prints 8
18:53:44,868  - конец итерации WHILE
18:53:44,871  - обработка строки:   WHILE [ $x > $size ]
18:53:44,875  - обработка команды WHILE
18:53:44,877  - INC/DEC : устанавливаем  переменную'x' (-1)
18:53:44,881  - SET: устанавливаем значение '7' переменной x
18:53:44,884  - начало макроподстановки: .M.print
18:53:44,887  - обработка строки:     prints $arg
18:53:44,890  - пишем строку: prints 7
18:53:44,893  - конец итерации WHILE
18:53:44,920  - обработка строки:   WHILE [ $x > $size ]
18:53:44,935  - обработка команды WHILE
18:53:44,938  - INC/DEC : устанавливаем  переменную'x' (-1)
18:53:44,940  - SET: устанавливаем значение '6' переменной x
18:53:44,944  - начало макроподстановки: .M.print
18:53:44,946  - обработка строки:     prints $arg
18:53:44,949  - пишем строку: prints 6
18:53:44,953  - конец итерации WHILE
18:53:44,955  - обработка строки:   WHILE [ $x > $size ]
18:53:44,957  - обработка команды WHILE
18:53:44,964  - INC/DEC : устанавливаем  переменную'x' (-1)
18:53:44,967  - SET: устанавливаем значение '5' переменной x
18:53:44,974  - начало макроподстановки: .M.print
18:53:44,977  - обработка строки:     prints $arg
18:53:44,987  - пишем строку: prints 5
18:53:44,991  - конец итерации WHILE
18:53:44,994  - обработка строки:   WHILE [ $x > $size ]
18:53:44,996  - обработка команды WHILE
18:53:45,002  - пропуcк блока WHILE - выражение в скобках неверно
18:53:45,005  - обработка строки:   GOTO Metka
18:53:45,007  - обработка команды GOTO на метку 'Metka'
18:53:45,010  - обработка строки:   .Metka: end
18:53:45,015  - пишем строку: .Metka: end
18:53:45,019  - 2й проход закончился
18:53:45,023  - 

 OUT:

 prints 5
 prints 9
 prints 8
 prints 7
 prints 6
 prints 5
 end

18:53:45,028  - 
== END ==
18:57:09,119  - ==================================
18:57:09,120  -    FIRST SCAN
18:57:09,122  - ==================================
18:57:09,123  - первый проход начался
18:57:09,125  - анализ строки: MACRO M [ x ]
18:57:09,650  - начало определения макроса .M
18:57:09,826  - анализ аргументов: 'x'
18:57:09,828  - добавляем строку в макрос:   SET size 5  
18:57:09,978  - добавляем строку в макрос:   print [ $size ]
18:57:10,122  - добавляем строку в макрос:   WHILE [ $x > $size ]
18:57:10,306  - добавляем строку в макрос:     DEC x
18:57:10,450  - добавляем строку в макрос:     print [ $x ]
18:57:10,602  - добавляем строку в макрос:     IF [ $x == size ]
18:57:10,746  - добавляем строку в макрос: 	ololo
18:57:10,866  - добавляем строку в макрос:     ENDIF
18:57:11,042  - добавляем строку в макрос:   ENDW
18:57:11,196  - начало обработки вложенного макроса
18:57:11,198  - начало определения макроса .M.print
18:57:11,346  - анализ аргументов: 'arg'
18:57:11,347  - добавляем строку в макрос:     prints $arg
18:57:11,490  - добавлен новый макрос: .M.print
18:57:11,666  - добавляем строку в макрос:   GOTO Metka
18:57:11,850  - добавляем строку в макрос: // skip this invalid code..
18:57:11,994  - добавляем строку в макрос:   .Metka: end
18:57:12,146  - метка .Metka: добавлена
18:57:12,290  - добавлен новый макрос: .M
18:57:12,618  - анализ строки: MEND
18:57:12,770  - пропускаем строку: MEND
18:57:13,186  - анализ строки: MACRO m []
18:57:13,362  - начало определения макроса .m
18:57:13,538  - анализ аргументов: ''
18:57:13,540  - добавляем строку в макрос:  L1: qwe
18:57:13,722  - добавляем строку в макрос:  add L1
18:57:13,866  - добавлен новый макрос: .m
18:57:14,226  - анализ строки: MEND
18:57:14,370  - пропускаем строку: MEND
18:57:14,610  - анализ строки: M [ 10 ]
18:57:14,786  - пропускаем строку: M [ 10 ]
18:57:14,994  - первый проход закончился
18:57:14,997  - ==================================
18:57:14,999  -    SECOND SCAN
18:57:15,002  - ==================================
18:57:15,170  - начало 2го прохода
18:57:15,172  - анализ строки: MACRO M [ x ]
18:57:15,378  - пропуск макроопределения...
18:57:15,381  - пропуск макроопределения...
18:57:15,384  - анализ строки: MACRO m []
18:57:15,586  - пропуск макроопределения...
18:57:15,589  - анализ строки: M [ 10 ]
18:57:15,770  - начало макроподстановки: .M
18:57:15,946  - обработка строки:   SET size 5  
18:57:15,948  - SET: устанавливаем значение '5' переменной size
18:57:16,090  - обработка строки:   print [ $size ]
18:57:16,094  - начало макроподстановки: .M.print
18:57:16,242  - обработка строки:     prints $arg
18:57:16,245  - пишем строку: prints 5
18:57:16,418  - обработка строки:   WHILE [ $x > $size ]
18:57:16,422  - обработка команды WHILE
18:57:16,570  - INC/DEC : устанавливаем  переменную'x' (-1)
18:57:16,746  - SET: устанавливаем значение '9' переменной x
18:57:16,898  - начало макроподстановки: .M.print
18:57:17,074  - обработка строки:     prints $arg
18:57:17,077  - пишем строку: prints 9
18:57:17,282  - конец итерации WHILE
18:57:17,850  - обработка строки:   WHILE [ $x > $size ]
18:57:17,852  - обработка команды WHILE
18:57:18,234  - INC/DEC : устанавливаем  переменную'x' (-1)
18:57:19,098  - SET: устанавливаем значение '8' переменной x
18:57:20,106  - начало макроподстановки: .M.print
18:57:20,578  - обработка строки:     prints $arg
18:57:20,582  - пишем строку: prints 8
18:57:21,082  - конец итерации WHILE
18:57:21,946  - обработка строки:   WHILE [ $x > $size ]
18:57:21,949  - обработка команды WHILE
18:57:22,834  - INC/DEC : устанавливаем  переменную'x' (-1)
18:57:23,578  - SET: устанавливаем значение '7' переменной x
18:57:24,379  - начало макроподстановки: .M.print
18:57:24,891  - обработка строки:     prints $arg
18:57:24,894  - пишем строку: prints 7
18:57:25,394  - конец итерации WHILE
18:57:26,698  - обработка строки:   WHILE [ $x > $size ]
18:57:26,701  - обработка команды WHILE
18:57:28,930  - INC/DEC : устанавливаем  переменную'x' (-1)
18:57:29,282  - SET: устанавливаем значение '6' переменной x
18:57:29,458  - начало макроподстановки: .M.print
18:57:29,642  - обработка строки:     prints $arg
18:57:29,645  - пишем строку: prints 6
18:57:29,821  - конец итерации WHILE
18:57:30,082  - обработка строки:   WHILE [ $x > $size ]
18:57:30,085  - обработка команды WHILE
18:57:30,410  - INC/DEC : устанавливаем  переменную'x' (-1)
18:57:30,586  - SET: устанавливаем значение '5' переменной x
18:57:30,946  - начало макроподстановки: .M.print
18:57:31,154  - обработка строки:     prints $arg
18:57:31,158  - пишем строку: prints 5
18:57:31,306  - конец итерации WHILE
18:57:31,482  - обработка строки:   WHILE [ $x > $size ]
18:57:31,485  - обработка команды WHILE
18:57:31,658  - пропуcк блока WHILE - выражение в скобках неверно
18:57:31,834  - обработка строки:   GOTO Metka
18:57:31,839  - обработка команды GOTO на метку 'Metka'
18:57:32,018  - обработка строки:   .Metka: end
18:57:32,022  - пишем строку: .Metka: end
18:57:32,162  - 2й проход закончился
18:57:32,166  - 

 OUT:

 prints 5
 prints 9
 prints 8
 prints 7
 prints 6
 prints 5
 end

18:57:32,174  - 
== END ==
19:06:04,048  - ==================================
19:06:04,049  -    FIRST SCAN
19:06:04,051  - ==================================
19:06:04,052  - первый проход начался
19:06:04,054  - анализ строки: MACRO M [ x ]
19:06:04,458  - начало определения макроса .M
19:06:05,018  - анализ аргументов: 'x'
19:06:05,020  - добавляем строку в макрос:   SET size 5  
19:06:05,176  - добавляем строку в макрос:   print [ $size ]
19:06:05,322  - добавляем строку в макрос:  add &asdsas
19:06:05,466  - добавляем строку в макрос:   WHILE [ $x > $size ]
19:06:05,618  - добавляем строку в макрос:     DEC x
19:06:05,762  - добавляем строку в макрос:     print [ $x ]
19:06:05,946  - добавляем строку в макрос:     IF [ $x == size ]
19:06:06,122  - добавляем строку в макрос: 	ololo
19:06:06,298  - добавляем строку в макрос:     ENDIF
19:06:06,450  - добавляем строку в макрос:   ENDW
19:06:06,626  - начало обработки вложенного макроса
19:06:06,628  - начало определения макроса .M.print
19:06:06,778  - анализ аргументов: 'arg'
19:06:06,780  - добавляем строку в макрос:     prints $arg
19:06:06,954  - добавлен новый макрос: .M.print
19:06:07,130  - добавляем строку в макрос:   GOTO Metka
19:06:07,282  - добавляем строку в макрос: // skip this invalid code..
19:06:07,426  - добавляем строку в макрос:   .Metka: end
19:06:07,610  - метка .Metka: добавлена
19:06:07,756  - добавлен новый макрос: .M
19:06:08,082  - анализ строки: MEND
19:06:08,234  - пропускаем строку: MEND
19:06:08,410  - анализ строки: MACRO m []
19:06:08,555  - начало определения макроса .m
19:06:08,738  - анализ аргументов: ''
19:06:08,740  - добавляем строку в макрос:  L1: qwe
19:06:08,882  - добавляем строку в макрос:  add L1
19:06:09,066  - добавлен новый макрос: .m
19:06:09,386  - анализ строки: MEND
19:06:09,538  - пропускаем строку: MEND
19:06:09,714  - анализ строки: M [ 10 ]
19:06:09,867  - пропускаем строку: M [ 10 ]
19:06:10,042  - первый проход закончился
19:06:10,045  - ==================================
19:06:10,047  -    SECOND SCAN
19:06:10,049  - ==================================
19:06:10,850  - начало 2го прохода
19:06:10,852  - анализ строки: MACRO M [ x ]
19:06:10,855  - пропуск макроопределения...
19:06:10,858  - пропуск макроопределения...
19:06:10,861  - анализ строки: MACRO m []
19:06:10,871  - пропуск макроопределения...
19:06:10,877  - анализ строки: M [ 10 ]
19:06:10,878  - начало макроподстановки: .M
19:06:10,882  - обработка строки:   SET size 5  
19:06:10,885  - SET: устанавливаем значение '5' переменной size
19:06:10,888  - обработка строки:   print [ $size ]
19:06:10,890  - начало макроподстановки: .M.print
19:06:10,892  - обработка строки:     prints $arg
19:06:10,899  - пишем строку: prints 5
19:06:10,903  - обработка строки:  add &asdsas
19:06:10,905  - пишем строку: add &asdsas
19:06:10,908  - ОШИБКА! 
'add &asdsas' - invalid ASSEBLER instruction
19:07:41,795  - start
19:20:57,030  - start
